[2026-03-05T00:09:34.211+0000] {processor.py:186} INFO - Started process (PID=963) to work on /opt/airflow/dags/Homework_5.py
[2026-03-05T00:09:34.212+0000] {processor.py:914} INFO - Processing file /opt/airflow/dags/Homework_5.py for tasks to queue
[2026-03-05T00:09:34.213+0000] {logging_mixin.py:190} INFO - [2026-03-05T00:09:34.213+0000] {dagbag.py:587} INFO - Filling up the DagBag from /opt/airflow/dags/Homework_5.py
[2026-03-05T00:09:34.229+0000] {processor.py:925} INFO - DAG(s) 'WeatherData_ETL' retrieved from /opt/airflow/dags/Homework_5.py
[2026-03-05T00:09:34.235+0000] {logging_mixin.py:190} INFO - [2026-03-05T00:09:34.235+0000] {dag.py:3229} INFO - Sync 1 DAGs
[2026-03-05T00:09:34.243+0000] {logging_mixin.py:190} INFO - [2026-03-05T00:09:34.243+0000] {dag.py:4156} INFO - Setting next_dagrun for WeatherData_ETL to 2026-03-04 02:30:00+00:00, run_after=2026-03-05 02:30:00+00:00
[2026-03-05T00:09:34.249+0000] {processor.py:208} INFO - Processing /opt/airflow/dags/Homework_5.py took 0.042 seconds
[2026-03-05T00:10:14.054+0000] {processor.py:186} INFO - Started process (PID=974) to work on /opt/airflow/dags/Homework_5.py
[2026-03-05T00:10:14.055+0000] {processor.py:914} INFO - Processing file /opt/airflow/dags/Homework_5.py for tasks to queue
[2026-03-05T00:10:14.057+0000] {logging_mixin.py:190} INFO - [2026-03-05T00:10:14.056+0000] {dagbag.py:587} INFO - Filling up the DagBag from /opt/airflow/dags/Homework_5.py
[2026-03-05T00:10:14.074+0000] {processor.py:925} INFO - DAG(s) 'WeatherData_ETL' retrieved from /opt/airflow/dags/Homework_5.py
[2026-03-05T00:10:14.084+0000] {logging_mixin.py:190} INFO - [2026-03-05T00:10:14.084+0000] {dag.py:3229} INFO - Sync 1 DAGs
[2026-03-05T00:10:14.093+0000] {logging_mixin.py:190} INFO - [2026-03-05T00:10:14.093+0000] {dag.py:4156} INFO - Setting next_dagrun for WeatherData_ETL to 2026-03-04 02:30:00+00:00, run_after=2026-03-05 02:30:00+00:00
[2026-03-05T00:10:14.100+0000] {processor.py:208} INFO - Processing /opt/airflow/dags/Homework_5.py took 0.051 seconds
[2026-03-05T00:10:44.431+0000] {processor.py:186} INFO - Started process (PID=985) to work on /opt/airflow/dags/Homework_5.py
[2026-03-05T00:10:44.431+0000] {processor.py:914} INFO - Processing file /opt/airflow/dags/Homework_5.py for tasks to queue
[2026-03-05T00:10:44.433+0000] {logging_mixin.py:190} INFO - [2026-03-05T00:10:44.433+0000] {dagbag.py:587} INFO - Filling up the DagBag from /opt/airflow/dags/Homework_5.py
[2026-03-05T00:10:44.451+0000] {processor.py:925} INFO - DAG(s) 'WeatherData_ETL' retrieved from /opt/airflow/dags/Homework_5.py
[2026-03-05T00:10:44.461+0000] {logging_mixin.py:190} INFO - [2026-03-05T00:10:44.461+0000] {dag.py:3229} INFO - Sync 1 DAGs
[2026-03-05T00:10:44.471+0000] {logging_mixin.py:190} INFO - [2026-03-05T00:10:44.471+0000] {dag.py:4156} INFO - Setting next_dagrun for WeatherData_ETL to 2026-03-04 02:30:00+00:00, run_after=2026-03-05 02:30:00+00:00
[2026-03-05T00:10:44.477+0000] {processor.py:208} INFO - Processing /opt/airflow/dags/Homework_5.py took 0.052 seconds
[2026-03-05T00:17:09.796+0000] {processor.py:186} INFO - Started process (PID=996) to work on /opt/airflow/dags/Homework_5.py
[2026-03-05T00:17:09.796+0000] {processor.py:914} INFO - Processing file /opt/airflow/dags/Homework_5.py for tasks to queue
[2026-03-05T00:17:09.798+0000] {logging_mixin.py:190} INFO - [2026-03-05T00:17:09.798+0000] {dagbag.py:587} INFO - Filling up the DagBag from /opt/airflow/dags/Homework_5.py
[2026-03-05T00:17:09.815+0000] {processor.py:925} INFO - DAG(s) 'WeatherData_ETL' retrieved from /opt/airflow/dags/Homework_5.py
[2026-03-05T00:17:09.824+0000] {logging_mixin.py:190} INFO - [2026-03-05T00:17:09.823+0000] {dag.py:3229} INFO - Sync 1 DAGs
[2026-03-05T00:17:09.833+0000] {logging_mixin.py:190} INFO - [2026-03-05T00:17:09.833+0000] {dag.py:4156} INFO - Setting next_dagrun for WeatherData_ETL to 2026-03-04 02:30:00+00:00, run_after=2026-03-05 02:30:00+00:00
[2026-03-05T00:17:09.839+0000] {processor.py:208} INFO - Processing /opt/airflow/dags/Homework_5.py took 0.048 seconds
[2026-03-05T00:23:03.155+0000] {processor.py:186} INFO - Started process (PID=1007) to work on /opt/airflow/dags/Homework_5.py
[2026-03-05T00:23:03.156+0000] {processor.py:914} INFO - Processing file /opt/airflow/dags/Homework_5.py for tasks to queue
[2026-03-05T00:23:03.158+0000] {logging_mixin.py:190} INFO - [2026-03-05T00:23:03.158+0000] {dagbag.py:587} INFO - Filling up the DagBag from /opt/airflow/dags/Homework_5.py
[2026-03-05T00:23:03.176+0000] {processor.py:925} INFO - DAG(s) 'WeatherData_ETL' retrieved from /opt/airflow/dags/Homework_5.py
[2026-03-05T00:23:03.185+0000] {logging_mixin.py:190} INFO - [2026-03-05T00:23:03.185+0000] {dag.py:3229} INFO - Sync 1 DAGs
[2026-03-05T00:23:03.194+0000] {logging_mixin.py:190} INFO - [2026-03-05T00:23:03.194+0000] {dag.py:4156} INFO - Setting next_dagrun for WeatherData_ETL to 2026-03-04 02:30:00+00:00, run_after=2026-03-05 02:30:00+00:00
[2026-03-05T00:23:03.200+0000] {processor.py:208} INFO - Processing /opt/airflow/dags/Homework_5.py took 0.049 seconds
[2026-03-05T00:23:33.570+0000] {processor.py:186} INFO - Started process (PID=1018) to work on /opt/airflow/dags/Homework_5.py
[2026-03-05T00:23:33.571+0000] {processor.py:914} INFO - Processing file /opt/airflow/dags/Homework_5.py for tasks to queue
[2026-03-05T00:23:33.572+0000] {logging_mixin.py:190} INFO - [2026-03-05T00:23:33.572+0000] {dagbag.py:587} INFO - Filling up the DagBag from /opt/airflow/dags/Homework_5.py
[2026-03-05T00:23:33.591+0000] {processor.py:925} INFO - DAG(s) 'WeatherData_ETL' retrieved from /opt/airflow/dags/Homework_5.py
[2026-03-05T00:23:33.601+0000] {logging_mixin.py:190} INFO - [2026-03-05T00:23:33.600+0000] {dag.py:3229} INFO - Sync 1 DAGs
[2026-03-05T00:23:33.610+0000] {logging_mixin.py:190} INFO - [2026-03-05T00:23:33.610+0000] {dag.py:4156} INFO - Setting next_dagrun for WeatherData_ETL to 2026-03-04 02:30:00+00:00, run_after=2026-03-05 02:30:00+00:00
[2026-03-05T00:23:33.616+0000] {processor.py:208} INFO - Processing /opt/airflow/dags/Homework_5.py took 0.051 seconds
[2026-03-05T00:24:10.103+0000] {processor.py:186} INFO - Started process (PID=1029) to work on /opt/airflow/dags/Homework_5.py
[2026-03-05T00:24:10.104+0000] {processor.py:914} INFO - Processing file /opt/airflow/dags/Homework_5.py for tasks to queue
[2026-03-05T00:24:10.106+0000] {logging_mixin.py:190} INFO - [2026-03-05T00:24:10.106+0000] {dagbag.py:587} INFO - Filling up the DagBag from /opt/airflow/dags/Homework_5.py
[2026-03-05T00:24:10.126+0000] {processor.py:925} INFO - DAG(s) 'WeatherData_ETL' retrieved from /opt/airflow/dags/Homework_5.py
[2026-03-05T00:24:10.138+0000] {logging_mixin.py:190} INFO - [2026-03-05T00:24:10.137+0000] {dag.py:3229} INFO - Sync 1 DAGs
[2026-03-05T00:24:10.148+0000] {logging_mixin.py:190} INFO - [2026-03-05T00:24:10.148+0000] {dag.py:4156} INFO - Setting next_dagrun for WeatherData_ETL to 2026-03-04 02:30:00+00:00, run_after=2026-03-05 02:30:00+00:00
[2026-03-05T00:24:10.154+0000] {processor.py:208} INFO - Processing /opt/airflow/dags/Homework_5.py took 0.056 seconds
[2026-03-05T00:31:11.335+0000] {processor.py:186} INFO - Started process (PID=1040) to work on /opt/airflow/dags/Homework_5.py
[2026-03-05T00:31:11.336+0000] {processor.py:914} INFO - Processing file /opt/airflow/dags/Homework_5.py for tasks to queue
[2026-03-05T00:31:11.338+0000] {logging_mixin.py:190} INFO - [2026-03-05T00:31:11.338+0000] {dagbag.py:587} INFO - Filling up the DagBag from /opt/airflow/dags/Homework_5.py
[2026-03-05T00:31:11.358+0000] {processor.py:925} INFO - DAG(s) 'WeatherData_ETL' retrieved from /opt/airflow/dags/Homework_5.py
[2026-03-05T00:31:11.367+0000] {logging_mixin.py:190} INFO - [2026-03-05T00:31:11.366+0000] {dag.py:3229} INFO - Sync 1 DAGs
[2026-03-05T00:31:11.376+0000] {logging_mixin.py:190} INFO - [2026-03-05T00:31:11.376+0000] {dag.py:4156} INFO - Setting next_dagrun for WeatherData_ETL to 2026-03-04 02:30:00+00:00, run_after=2026-03-05 02:30:00+00:00
[2026-03-05T00:31:11.382+0000] {processor.py:208} INFO - Processing /opt/airflow/dags/Homework_5.py took 0.052 seconds
[2026-03-05T00:31:41.649+0000] {processor.py:186} INFO - Started process (PID=1051) to work on /opt/airflow/dags/Homework_5.py
[2026-03-05T00:31:41.650+0000] {processor.py:914} INFO - Processing file /opt/airflow/dags/Homework_5.py for tasks to queue
[2026-03-05T00:31:41.653+0000] {logging_mixin.py:190} INFO - [2026-03-05T00:31:41.652+0000] {dagbag.py:587} INFO - Filling up the DagBag from /opt/airflow/dags/Homework_5.py
[2026-03-05T00:31:41.673+0000] {processor.py:925} INFO - DAG(s) 'WeatherData_ETL' retrieved from /opt/airflow/dags/Homework_5.py
[2026-03-05T00:31:41.682+0000] {logging_mixin.py:190} INFO - [2026-03-05T00:31:41.682+0000] {dag.py:3229} INFO - Sync 1 DAGs
[2026-03-05T00:31:41.691+0000] {logging_mixin.py:190} INFO - [2026-03-05T00:31:41.691+0000] {dag.py:4156} INFO - Setting next_dagrun for WeatherData_ETL to 2026-03-04 02:30:00+00:00, run_after=2026-03-05 02:30:00+00:00
[2026-03-05T00:31:41.697+0000] {processor.py:208} INFO - Processing /opt/airflow/dags/Homework_5.py took 0.055 seconds
[2026-03-05T00:33:32.225+0000] {processor.py:186} INFO - Started process (PID=1062) to work on /opt/airflow/dags/Homework_5.py
[2026-03-05T00:33:32.226+0000] {processor.py:914} INFO - Processing file /opt/airflow/dags/Homework_5.py for tasks to queue
[2026-03-05T00:33:32.227+0000] {logging_mixin.py:190} INFO - [2026-03-05T00:33:32.227+0000] {dagbag.py:587} INFO - Filling up the DagBag from /opt/airflow/dags/Homework_5.py
[2026-03-05T00:33:32.242+0000] {processor.py:925} INFO - DAG(s) 'WeatherData_ETL' retrieved from /opt/airflow/dags/Homework_5.py
[2026-03-05T00:33:32.250+0000] {logging_mixin.py:190} INFO - [2026-03-05T00:33:32.249+0000] {dag.py:3229} INFO - Sync 1 DAGs
[2026-03-05T00:33:32.259+0000] {logging_mixin.py:190} INFO - [2026-03-05T00:33:32.258+0000] {dag.py:4156} INFO - Setting next_dagrun for WeatherData_ETL to 2026-03-04 02:30:00+00:00, run_after=2026-03-05 02:30:00+00:00
[2026-03-05T00:33:32.265+0000] {processor.py:208} INFO - Processing /opt/airflow/dags/Homework_5.py took 0.045 seconds
[2026-03-05T00:34:43.026+0000] {processor.py:186} INFO - Started process (PID=1073) to work on /opt/airflow/dags/Homework_5.py
[2026-03-05T00:34:43.027+0000] {processor.py:914} INFO - Processing file /opt/airflow/dags/Homework_5.py for tasks to queue
[2026-03-05T00:34:43.029+0000] {logging_mixin.py:190} INFO - [2026-03-05T00:34:43.028+0000] {dagbag.py:587} INFO - Filling up the DagBag from /opt/airflow/dags/Homework_5.py
[2026-03-05T00:34:43.046+0000] {processor.py:925} INFO - DAG(s) 'WeatherData_ETL' retrieved from /opt/airflow/dags/Homework_5.py
[2026-03-05T00:34:43.057+0000] {logging_mixin.py:190} INFO - [2026-03-05T00:34:43.056+0000] {dag.py:3229} INFO - Sync 1 DAGs
[2026-03-05T00:34:43.067+0000] {logging_mixin.py:190} INFO - [2026-03-05T00:34:43.067+0000] {dag.py:4156} INFO - Setting next_dagrun for WeatherData_ETL to 2026-03-04 02:30:00+00:00, run_after=2026-03-05 02:30:00+00:00
[2026-03-05T00:34:43.073+0000] {processor.py:208} INFO - Processing /opt/airflow/dags/Homework_5.py took 0.053 seconds
[2026-03-05T00:35:13.416+0000] {processor.py:186} INFO - Started process (PID=1084) to work on /opt/airflow/dags/Homework_5.py
[2026-03-05T00:35:13.417+0000] {processor.py:914} INFO - Processing file /opt/airflow/dags/Homework_5.py for tasks to queue
[2026-03-05T00:35:13.418+0000] {logging_mixin.py:190} INFO - [2026-03-05T00:35:13.418+0000] {dagbag.py:587} INFO - Filling up the DagBag from /opt/airflow/dags/Homework_5.py
[2026-03-05T00:35:13.437+0000] {processor.py:925} INFO - DAG(s) 'WeatherData_ETL' retrieved from /opt/airflow/dags/Homework_5.py
[2026-03-05T00:35:13.446+0000] {logging_mixin.py:190} INFO - [2026-03-05T00:35:13.446+0000] {dag.py:3229} INFO - Sync 1 DAGs
[2026-03-05T00:35:13.456+0000] {logging_mixin.py:190} INFO - [2026-03-05T00:35:13.456+0000] {dag.py:4156} INFO - Setting next_dagrun for WeatherData_ETL to 2026-03-04 02:30:00+00:00, run_after=2026-03-05 02:30:00+00:00
[2026-03-05T00:35:13.462+0000] {processor.py:208} INFO - Processing /opt/airflow/dags/Homework_5.py took 0.051 seconds
[2026-03-05T00:38:17.640+0000] {processor.py:186} INFO - Started process (PID=1095) to work on /opt/airflow/dags/Homework_5.py
[2026-03-05T00:38:17.641+0000] {processor.py:914} INFO - Processing file /opt/airflow/dags/Homework_5.py for tasks to queue
[2026-03-05T00:38:17.643+0000] {logging_mixin.py:190} INFO - [2026-03-05T00:38:17.643+0000] {dagbag.py:587} INFO - Filling up the DagBag from /opt/airflow/dags/Homework_5.py
[2026-03-05T00:38:17.662+0000] {processor.py:925} INFO - DAG(s) 'WeatherData_ETL' retrieved from /opt/airflow/dags/Homework_5.py
[2026-03-05T00:38:17.670+0000] {logging_mixin.py:190} INFO - [2026-03-05T00:38:17.670+0000] {dag.py:3229} INFO - Sync 1 DAGs
[2026-03-05T00:38:17.679+0000] {logging_mixin.py:190} INFO - [2026-03-05T00:38:17.679+0000] {dag.py:4156} INFO - Setting next_dagrun for WeatherData_ETL to 2026-03-04 02:30:00+00:00, run_after=2026-03-05 02:30:00+00:00
[2026-03-05T00:38:17.684+0000] {processor.py:208} INFO - Processing /opt/airflow/dags/Homework_5.py took 0.050 seconds
[2026-03-05T00:38:47.998+0000] {processor.py:186} INFO - Started process (PID=1106) to work on /opt/airflow/dags/Homework_5.py
[2026-03-05T00:38:47.999+0000] {processor.py:914} INFO - Processing file /opt/airflow/dags/Homework_5.py for tasks to queue
[2026-03-05T00:38:48.001+0000] {logging_mixin.py:190} INFO - [2026-03-05T00:38:48.000+0000] {dagbag.py:587} INFO - Filling up the DagBag from /opt/airflow/dags/Homework_5.py
[2026-03-05T00:38:48.019+0000] {processor.py:925} INFO - DAG(s) 'WeatherData_ETL' retrieved from /opt/airflow/dags/Homework_5.py
[2026-03-05T00:38:48.029+0000] {logging_mixin.py:190} INFO - [2026-03-05T00:38:48.028+0000] {dag.py:3229} INFO - Sync 1 DAGs
[2026-03-05T00:38:48.038+0000] {logging_mixin.py:190} INFO - [2026-03-05T00:38:48.038+0000] {dag.py:4156} INFO - Setting next_dagrun for WeatherData_ETL to 2026-03-04 02:30:00+00:00, run_after=2026-03-05 02:30:00+00:00
[2026-03-05T00:38:48.044+0000] {processor.py:208} INFO - Processing /opt/airflow/dags/Homework_5.py took 0.052 seconds
[2026-03-05T00:39:29.038+0000] {processor.py:186} INFO - Started process (PID=1117) to work on /opt/airflow/dags/Homework_5.py
[2026-03-05T00:39:29.039+0000] {processor.py:914} INFO - Processing file /opt/airflow/dags/Homework_5.py for tasks to queue
[2026-03-05T00:39:29.042+0000] {logging_mixin.py:190} INFO - [2026-03-05T00:39:29.041+0000] {dagbag.py:587} INFO - Filling up the DagBag from /opt/airflow/dags/Homework_5.py
[2026-03-05T00:39:29.060+0000] {processor.py:925} INFO - DAG(s) 'WeatherData_ETL' retrieved from /opt/airflow/dags/Homework_5.py
[2026-03-05T00:39:29.070+0000] {logging_mixin.py:190} INFO - [2026-03-05T00:39:29.070+0000] {dag.py:3229} INFO - Sync 1 DAGs
[2026-03-05T00:39:29.080+0000] {logging_mixin.py:190} INFO - [2026-03-05T00:39:29.080+0000] {dag.py:4156} INFO - Setting next_dagrun for WeatherData_ETL to 2026-03-04 02:30:00+00:00, run_after=2026-03-05 02:30:00+00:00
[2026-03-05T00:39:29.086+0000] {processor.py:208} INFO - Processing /opt/airflow/dags/Homework_5.py took 0.053 seconds
[2026-03-05T00:39:59.356+0000] {processor.py:186} INFO - Started process (PID=1128) to work on /opt/airflow/dags/Homework_5.py
[2026-03-05T00:39:59.357+0000] {processor.py:914} INFO - Processing file /opt/airflow/dags/Homework_5.py for tasks to queue
[2026-03-05T00:39:59.359+0000] {logging_mixin.py:190} INFO - [2026-03-05T00:39:59.359+0000] {dagbag.py:587} INFO - Filling up the DagBag from /opt/airflow/dags/Homework_5.py
[2026-03-05T00:39:59.378+0000] {processor.py:925} INFO - DAG(s) 'WeatherData_ETL' retrieved from /opt/airflow/dags/Homework_5.py
[2026-03-05T00:39:59.388+0000] {logging_mixin.py:190} INFO - [2026-03-05T00:39:59.388+0000] {dag.py:3229} INFO - Sync 1 DAGs
[2026-03-05T00:39:59.410+0000] {logging_mixin.py:190} INFO - [2026-03-05T00:39:59.410+0000] {dag.py:4156} INFO - Setting next_dagrun for WeatherData_ETL to 2026-03-04 02:30:00+00:00, run_after=2026-03-05 02:30:00+00:00
[2026-03-05T00:39:59.422+0000] {processor.py:208} INFO - Processing /opt/airflow/dags/Homework_5.py took 0.070 seconds
[2026-03-05T00:40:29.670+0000] {processor.py:186} INFO - Started process (PID=1139) to work on /opt/airflow/dags/Homework_5.py
[2026-03-05T00:40:29.671+0000] {processor.py:914} INFO - Processing file /opt/airflow/dags/Homework_5.py for tasks to queue
[2026-03-05T00:40:29.674+0000] {logging_mixin.py:190} INFO - [2026-03-05T00:40:29.674+0000] {dagbag.py:587} INFO - Filling up the DagBag from /opt/airflow/dags/Homework_5.py
[2026-03-05T00:40:29.692+0000] {processor.py:925} INFO - DAG(s) 'WeatherData_ETL' retrieved from /opt/airflow/dags/Homework_5.py
[2026-03-05T00:40:29.706+0000] {logging_mixin.py:190} INFO - [2026-03-05T00:40:29.705+0000] {dag.py:3229} INFO - Sync 1 DAGs
[2026-03-05T00:40:29.718+0000] {logging_mixin.py:190} INFO - [2026-03-05T00:40:29.718+0000] {dag.py:4156} INFO - Setting next_dagrun for WeatherData_ETL to 2026-03-04 02:30:00+00:00, run_after=2026-03-05 02:30:00+00:00
[2026-03-05T00:40:29.725+0000] {processor.py:208} INFO - Processing /opt/airflow/dags/Homework_5.py took 0.060 seconds
[2026-03-05T00:40:59.969+0000] {processor.py:186} INFO - Started process (PID=1150) to work on /opt/airflow/dags/Homework_5.py
[2026-03-05T00:40:59.970+0000] {processor.py:914} INFO - Processing file /opt/airflow/dags/Homework_5.py for tasks to queue
[2026-03-05T00:40:59.972+0000] {logging_mixin.py:190} INFO - [2026-03-05T00:40:59.972+0000] {dagbag.py:587} INFO - Filling up the DagBag from /opt/airflow/dags/Homework_5.py
[2026-03-05T00:40:59.989+0000] {processor.py:925} INFO - DAG(s) 'WeatherData_ETL' retrieved from /opt/airflow/dags/Homework_5.py
[2026-03-05T00:40:59.997+0000] {logging_mixin.py:190} INFO - [2026-03-05T00:40:59.997+0000] {dag.py:3229} INFO - Sync 1 DAGs
[2026-03-05T00:41:00.006+0000] {logging_mixin.py:190} INFO - [2026-03-05T00:41:00.006+0000] {dag.py:4156} INFO - Setting next_dagrun for WeatherData_ETL to 2026-03-04 02:30:00+00:00, run_after=2026-03-05 02:30:00+00:00
[2026-03-05T00:41:00.012+0000] {processor.py:208} INFO - Processing /opt/airflow/dags/Homework_5.py took 0.049 seconds
[2026-03-05T00:41:30.263+0000] {processor.py:186} INFO - Started process (PID=1161) to work on /opt/airflow/dags/Homework_5.py
[2026-03-05T00:41:30.264+0000] {processor.py:914} INFO - Processing file /opt/airflow/dags/Homework_5.py for tasks to queue
[2026-03-05T00:41:30.266+0000] {logging_mixin.py:190} INFO - [2026-03-05T00:41:30.266+0000] {dagbag.py:587} INFO - Filling up the DagBag from /opt/airflow/dags/Homework_5.py
[2026-03-05T00:41:30.284+0000] {processor.py:925} INFO - DAG(s) 'WeatherData_ETL' retrieved from /opt/airflow/dags/Homework_5.py
[2026-03-05T00:41:30.294+0000] {logging_mixin.py:190} INFO - [2026-03-05T00:41:30.294+0000] {dag.py:3229} INFO - Sync 1 DAGs
[2026-03-05T00:41:30.304+0000] {logging_mixin.py:190} INFO - [2026-03-05T00:41:30.304+0000] {dag.py:4156} INFO - Setting next_dagrun for WeatherData_ETL to 2026-03-04 02:30:00+00:00, run_after=2026-03-05 02:30:00+00:00
[2026-03-05T00:41:30.310+0000] {processor.py:208} INFO - Processing /opt/airflow/dags/Homework_5.py took 0.051 seconds
[2026-03-05T00:42:00.557+0000] {processor.py:186} INFO - Started process (PID=1172) to work on /opt/airflow/dags/Homework_5.py
[2026-03-05T00:42:00.557+0000] {processor.py:914} INFO - Processing file /opt/airflow/dags/Homework_5.py for tasks to queue
[2026-03-05T00:42:00.559+0000] {logging_mixin.py:190} INFO - [2026-03-05T00:42:00.559+0000] {dagbag.py:587} INFO - Filling up the DagBag from /opt/airflow/dags/Homework_5.py
[2026-03-05T00:42:00.578+0000] {processor.py:925} INFO - DAG(s) 'WeatherData_ETL' retrieved from /opt/airflow/dags/Homework_5.py
[2026-03-05T00:42:00.588+0000] {logging_mixin.py:190} INFO - [2026-03-05T00:42:00.588+0000] {dag.py:3229} INFO - Sync 1 DAGs
[2026-03-05T00:42:00.597+0000] {logging_mixin.py:190} INFO - [2026-03-05T00:42:00.597+0000] {dag.py:4156} INFO - Setting next_dagrun for WeatherData_ETL to 2026-03-04 02:30:00+00:00, run_after=2026-03-05 02:30:00+00:00
[2026-03-05T00:42:00.604+0000] {processor.py:208} INFO - Processing /opt/airflow/dags/Homework_5.py took 0.052 seconds
[2026-03-05T00:42:30.866+0000] {processor.py:186} INFO - Started process (PID=1183) to work on /opt/airflow/dags/Homework_5.py
[2026-03-05T00:42:30.867+0000] {processor.py:914} INFO - Processing file /opt/airflow/dags/Homework_5.py for tasks to queue
[2026-03-05T00:42:30.869+0000] {logging_mixin.py:190} INFO - [2026-03-05T00:42:30.868+0000] {dagbag.py:587} INFO - Filling up the DagBag from /opt/airflow/dags/Homework_5.py
[2026-03-05T00:42:30.886+0000] {processor.py:925} INFO - DAG(s) 'WeatherData_ETL' retrieved from /opt/airflow/dags/Homework_5.py
[2026-03-05T00:42:30.895+0000] {logging_mixin.py:190} INFO - [2026-03-05T00:42:30.895+0000] {dag.py:3229} INFO - Sync 1 DAGs
[2026-03-05T00:42:30.905+0000] {logging_mixin.py:190} INFO - [2026-03-05T00:42:30.905+0000] {dag.py:4156} INFO - Setting next_dagrun for WeatherData_ETL to 2026-03-04 02:30:00+00:00, run_after=2026-03-05 02:30:00+00:00
[2026-03-05T00:42:30.911+0000] {processor.py:208} INFO - Processing /opt/airflow/dags/Homework_5.py took 0.051 seconds
[2026-03-05T00:43:01.178+0000] {processor.py:186} INFO - Started process (PID=1194) to work on /opt/airflow/dags/Homework_5.py
[2026-03-05T00:43:01.179+0000] {processor.py:914} INFO - Processing file /opt/airflow/dags/Homework_5.py for tasks to queue
[2026-03-05T00:43:01.181+0000] {logging_mixin.py:190} INFO - [2026-03-05T00:43:01.181+0000] {dagbag.py:587} INFO - Filling up the DagBag from /opt/airflow/dags/Homework_5.py
[2026-03-05T00:43:01.199+0000] {processor.py:925} INFO - DAG(s) 'WeatherData_ETL' retrieved from /opt/airflow/dags/Homework_5.py
[2026-03-05T00:43:01.209+0000] {logging_mixin.py:190} INFO - [2026-03-05T00:43:01.209+0000] {dag.py:3229} INFO - Sync 1 DAGs
[2026-03-05T00:43:01.218+0000] {logging_mixin.py:190} INFO - [2026-03-05T00:43:01.218+0000] {dag.py:4156} INFO - Setting next_dagrun for WeatherData_ETL to 2026-03-04 02:30:00+00:00, run_after=2026-03-05 02:30:00+00:00
[2026-03-05T00:43:01.224+0000] {processor.py:208} INFO - Processing /opt/airflow/dags/Homework_5.py took 0.052 seconds
[2026-03-05T00:43:31.514+0000] {processor.py:186} INFO - Started process (PID=1205) to work on /opt/airflow/dags/Homework_5.py
[2026-03-05T00:43:31.515+0000] {processor.py:914} INFO - Processing file /opt/airflow/dags/Homework_5.py for tasks to queue
[2026-03-05T00:43:31.518+0000] {logging_mixin.py:190} INFO - [2026-03-05T00:43:31.517+0000] {dagbag.py:587} INFO - Filling up the DagBag from /opt/airflow/dags/Homework_5.py
[2026-03-05T00:43:31.539+0000] {processor.py:925} INFO - DAG(s) 'WeatherData_ETL' retrieved from /opt/airflow/dags/Homework_5.py
[2026-03-05T00:43:31.548+0000] {logging_mixin.py:190} INFO - [2026-03-05T00:43:31.547+0000] {dag.py:3229} INFO - Sync 1 DAGs
[2026-03-05T00:43:31.558+0000] {logging_mixin.py:190} INFO - [2026-03-05T00:43:31.558+0000] {dag.py:4156} INFO - Setting next_dagrun for WeatherData_ETL to 2026-03-04 02:30:00+00:00, run_after=2026-03-05 02:30:00+00:00
[2026-03-05T00:43:31.564+0000] {processor.py:208} INFO - Processing /opt/airflow/dags/Homework_5.py took 0.055 seconds
[2026-03-05T00:44:01.803+0000] {processor.py:186} INFO - Started process (PID=1216) to work on /opt/airflow/dags/Homework_5.py
[2026-03-05T00:44:01.804+0000] {processor.py:914} INFO - Processing file /opt/airflow/dags/Homework_5.py for tasks to queue
[2026-03-05T00:44:01.807+0000] {logging_mixin.py:190} INFO - [2026-03-05T00:44:01.806+0000] {dagbag.py:587} INFO - Filling up the DagBag from /opt/airflow/dags/Homework_5.py
[2026-03-05T00:44:01.829+0000] {processor.py:925} INFO - DAG(s) 'WeatherData_ETL' retrieved from /opt/airflow/dags/Homework_5.py
[2026-03-05T00:44:01.840+0000] {logging_mixin.py:190} INFO - [2026-03-05T00:44:01.839+0000] {dag.py:3229} INFO - Sync 1 DAGs
[2026-03-05T00:44:01.851+0000] {logging_mixin.py:190} INFO - [2026-03-05T00:44:01.851+0000] {dag.py:4156} INFO - Setting next_dagrun for WeatherData_ETL to 2026-03-04 02:30:00+00:00, run_after=2026-03-05 02:30:00+00:00
[2026-03-05T00:44:01.857+0000] {processor.py:208} INFO - Processing /opt/airflow/dags/Homework_5.py took 0.061 seconds
[2026-03-05T00:44:32.168+0000] {processor.py:186} INFO - Started process (PID=1227) to work on /opt/airflow/dags/Homework_5.py
[2026-03-05T00:44:32.169+0000] {processor.py:914} INFO - Processing file /opt/airflow/dags/Homework_5.py for tasks to queue
[2026-03-05T00:44:32.172+0000] {logging_mixin.py:190} INFO - [2026-03-05T00:44:32.172+0000] {dagbag.py:587} INFO - Filling up the DagBag from /opt/airflow/dags/Homework_5.py
[2026-03-05T00:44:32.196+0000] {processor.py:925} INFO - DAG(s) 'WeatherData_ETL' retrieved from /opt/airflow/dags/Homework_5.py
[2026-03-05T00:44:32.206+0000] {logging_mixin.py:190} INFO - [2026-03-05T00:44:32.206+0000] {dag.py:3229} INFO - Sync 1 DAGs
[2026-03-05T00:44:32.216+0000] {logging_mixin.py:190} INFO - [2026-03-05T00:44:32.216+0000] {dag.py:4156} INFO - Setting next_dagrun for WeatherData_ETL to 2026-03-04 02:30:00+00:00, run_after=2026-03-05 02:30:00+00:00
[2026-03-05T00:44:32.223+0000] {processor.py:208} INFO - Processing /opt/airflow/dags/Homework_5.py took 0.060 seconds
[2026-03-05T00:45:02.494+0000] {processor.py:186} INFO - Started process (PID=1238) to work on /opt/airflow/dags/Homework_5.py
[2026-03-05T00:45:02.495+0000] {processor.py:914} INFO - Processing file /opt/airflow/dags/Homework_5.py for tasks to queue
[2026-03-05T00:45:02.498+0000] {logging_mixin.py:190} INFO - [2026-03-05T00:45:02.497+0000] {dagbag.py:587} INFO - Filling up the DagBag from /opt/airflow/dags/Homework_5.py
[2026-03-05T00:45:02.516+0000] {processor.py:925} INFO - DAG(s) 'WeatherData_ETL' retrieved from /opt/airflow/dags/Homework_5.py
[2026-03-05T00:45:02.526+0000] {logging_mixin.py:190} INFO - [2026-03-05T00:45:02.525+0000] {dag.py:3229} INFO - Sync 1 DAGs
[2026-03-05T00:45:02.536+0000] {logging_mixin.py:190} INFO - [2026-03-05T00:45:02.535+0000] {dag.py:4156} INFO - Setting next_dagrun for WeatherData_ETL to 2026-03-04 02:30:00+00:00, run_after=2026-03-05 02:30:00+00:00
[2026-03-05T00:45:02.542+0000] {processor.py:208} INFO - Processing /opt/airflow/dags/Homework_5.py took 0.054 seconds
[2026-03-05T00:45:32.811+0000] {processor.py:186} INFO - Started process (PID=1249) to work on /opt/airflow/dags/Homework_5.py
[2026-03-05T00:45:32.812+0000] {processor.py:914} INFO - Processing file /opt/airflow/dags/Homework_5.py for tasks to queue
[2026-03-05T00:45:32.814+0000] {logging_mixin.py:190} INFO - [2026-03-05T00:45:32.814+0000] {dagbag.py:587} INFO - Filling up the DagBag from /opt/airflow/dags/Homework_5.py
[2026-03-05T00:45:32.833+0000] {processor.py:925} INFO - DAG(s) 'WeatherData_ETL' retrieved from /opt/airflow/dags/Homework_5.py
[2026-03-05T00:45:32.846+0000] {logging_mixin.py:190} INFO - [2026-03-05T00:45:32.846+0000] {dag.py:3229} INFO - Sync 1 DAGs
[2026-03-05T00:45:32.855+0000] {logging_mixin.py:190} INFO - [2026-03-05T00:45:32.855+0000] {dag.py:4156} INFO - Setting next_dagrun for WeatherData_ETL to 2026-03-04 02:30:00+00:00, run_after=2026-03-05 02:30:00+00:00
[2026-03-05T00:45:32.861+0000] {processor.py:208} INFO - Processing /opt/airflow/dags/Homework_5.py took 0.055 seconds
[2026-03-05T00:46:03.136+0000] {processor.py:186} INFO - Started process (PID=1260) to work on /opt/airflow/dags/Homework_5.py
[2026-03-05T00:46:03.137+0000] {processor.py:914} INFO - Processing file /opt/airflow/dags/Homework_5.py for tasks to queue
[2026-03-05T00:46:03.140+0000] {logging_mixin.py:190} INFO - [2026-03-05T00:46:03.139+0000] {dagbag.py:587} INFO - Filling up the DagBag from /opt/airflow/dags/Homework_5.py
[2026-03-05T00:46:03.162+0000] {processor.py:925} INFO - DAG(s) 'WeatherData_ETL' retrieved from /opt/airflow/dags/Homework_5.py
[2026-03-05T00:46:03.173+0000] {logging_mixin.py:190} INFO - [2026-03-05T00:46:03.172+0000] {dag.py:3229} INFO - Sync 1 DAGs
[2026-03-05T00:46:03.182+0000] {logging_mixin.py:190} INFO - [2026-03-05T00:46:03.182+0000] {dag.py:4156} INFO - Setting next_dagrun for WeatherData_ETL to 2026-03-04 02:30:00+00:00, run_after=2026-03-05 02:30:00+00:00
[2026-03-05T00:46:03.188+0000] {processor.py:208} INFO - Processing /opt/airflow/dags/Homework_5.py took 0.058 seconds
[2026-03-05T00:46:33.398+0000] {processor.py:186} INFO - Started process (PID=1277) to work on /opt/airflow/dags/Homework_5.py
[2026-03-05T00:46:33.399+0000] {processor.py:914} INFO - Processing file /opt/airflow/dags/Homework_5.py for tasks to queue
[2026-03-05T00:46:33.401+0000] {logging_mixin.py:190} INFO - [2026-03-05T00:46:33.400+0000] {dagbag.py:587} INFO - Filling up the DagBag from /opt/airflow/dags/Homework_5.py
[2026-03-05T00:46:33.417+0000] {processor.py:925} INFO - DAG(s) 'WeatherData_ETL' retrieved from /opt/airflow/dags/Homework_5.py
[2026-03-05T00:46:33.426+0000] {logging_mixin.py:190} INFO - [2026-03-05T00:46:33.425+0000] {dag.py:3229} INFO - Sync 1 DAGs
[2026-03-05T00:46:33.436+0000] {logging_mixin.py:190} INFO - [2026-03-05T00:46:33.436+0000] {dag.py:4156} INFO - Setting next_dagrun for WeatherData_ETL to 2026-03-04 02:30:00+00:00, run_after=2026-03-05 02:30:00+00:00
[2026-03-05T00:46:33.442+0000] {processor.py:208} INFO - Processing /opt/airflow/dags/Homework_5.py took 0.049 seconds
[2026-03-05T00:47:03.680+0000] {processor.py:186} INFO - Started process (PID=1288) to work on /opt/airflow/dags/Homework_5.py
[2026-03-05T00:47:03.681+0000] {processor.py:914} INFO - Processing file /opt/airflow/dags/Homework_5.py for tasks to queue
[2026-03-05T00:47:03.683+0000] {logging_mixin.py:190} INFO - [2026-03-05T00:47:03.683+0000] {dagbag.py:587} INFO - Filling up the DagBag from /opt/airflow/dags/Homework_5.py
[2026-03-05T00:47:03.701+0000] {processor.py:925} INFO - DAG(s) 'WeatherData_ETL' retrieved from /opt/airflow/dags/Homework_5.py
[2026-03-05T00:47:03.709+0000] {logging_mixin.py:190} INFO - [2026-03-05T00:47:03.709+0000] {dag.py:3229} INFO - Sync 1 DAGs
[2026-03-05T00:47:03.718+0000] {logging_mixin.py:190} INFO - [2026-03-05T00:47:03.718+0000] {dag.py:4156} INFO - Setting next_dagrun for WeatherData_ETL to 2026-03-04 02:30:00+00:00, run_after=2026-03-05 02:30:00+00:00
[2026-03-05T00:47:03.724+0000] {processor.py:208} INFO - Processing /opt/airflow/dags/Homework_5.py took 0.049 seconds
[2026-03-05T00:47:33.964+0000] {processor.py:186} INFO - Started process (PID=1299) to work on /opt/airflow/dags/Homework_5.py
[2026-03-05T00:47:33.965+0000] {processor.py:914} INFO - Processing file /opt/airflow/dags/Homework_5.py for tasks to queue
[2026-03-05T00:47:33.967+0000] {logging_mixin.py:190} INFO - [2026-03-05T00:47:33.967+0000] {dagbag.py:587} INFO - Filling up the DagBag from /opt/airflow/dags/Homework_5.py
[2026-03-05T00:47:33.987+0000] {processor.py:925} INFO - DAG(s) 'WeatherData_ETL' retrieved from /opt/airflow/dags/Homework_5.py
[2026-03-05T00:47:33.996+0000] {logging_mixin.py:190} INFO - [2026-03-05T00:47:33.995+0000] {dag.py:3229} INFO - Sync 1 DAGs
[2026-03-05T00:47:34.006+0000] {logging_mixin.py:190} INFO - [2026-03-05T00:47:34.006+0000] {dag.py:4156} INFO - Setting next_dagrun for WeatherData_ETL to 2026-03-04 02:30:00+00:00, run_after=2026-03-05 02:30:00+00:00
[2026-03-05T00:47:34.012+0000] {processor.py:208} INFO - Processing /opt/airflow/dags/Homework_5.py took 0.053 seconds
[2026-03-05T00:48:04.291+0000] {processor.py:186} INFO - Started process (PID=1310) to work on /opt/airflow/dags/Homework_5.py
[2026-03-05T00:48:04.292+0000] {processor.py:914} INFO - Processing file /opt/airflow/dags/Homework_5.py for tasks to queue
[2026-03-05T00:48:04.295+0000] {logging_mixin.py:190} INFO - [2026-03-05T00:48:04.294+0000] {dagbag.py:587} INFO - Filling up the DagBag from /opt/airflow/dags/Homework_5.py
[2026-03-05T00:48:04.314+0000] {processor.py:925} INFO - DAG(s) 'WeatherData_ETL' retrieved from /opt/airflow/dags/Homework_5.py
[2026-03-05T00:48:04.327+0000] {logging_mixin.py:190} INFO - [2026-03-05T00:48:04.327+0000] {dag.py:3229} INFO - Sync 1 DAGs
[2026-03-05T00:48:04.338+0000] {logging_mixin.py:190} INFO - [2026-03-05T00:48:04.338+0000] {dag.py:4156} INFO - Setting next_dagrun for WeatherData_ETL to 2026-03-04 02:30:00+00:00, run_after=2026-03-05 02:30:00+00:00
[2026-03-05T00:48:04.345+0000] {processor.py:208} INFO - Processing /opt/airflow/dags/Homework_5.py took 0.059 seconds
[2026-03-05T00:48:34.657+0000] {processor.py:186} INFO - Started process (PID=1321) to work on /opt/airflow/dags/Homework_5.py
[2026-03-05T00:48:34.658+0000] {processor.py:914} INFO - Processing file /opt/airflow/dags/Homework_5.py for tasks to queue
[2026-03-05T00:48:34.661+0000] {logging_mixin.py:190} INFO - [2026-03-05T00:48:34.661+0000] {dagbag.py:587} INFO - Filling up the DagBag from /opt/airflow/dags/Homework_5.py
[2026-03-05T00:48:34.684+0000] {processor.py:925} INFO - DAG(s) 'WeatherData_ETL' retrieved from /opt/airflow/dags/Homework_5.py
[2026-03-05T00:48:34.694+0000] {logging_mixin.py:190} INFO - [2026-03-05T00:48:34.694+0000] {dag.py:3229} INFO - Sync 1 DAGs
[2026-03-05T00:48:34.704+0000] {logging_mixin.py:190} INFO - [2026-03-05T00:48:34.704+0000] {dag.py:4156} INFO - Setting next_dagrun for WeatherData_ETL to 2026-03-04 02:30:00+00:00, run_after=2026-03-05 02:30:00+00:00
[2026-03-05T00:48:34.710+0000] {processor.py:208} INFO - Processing /opt/airflow/dags/Homework_5.py took 0.061 seconds
[2026-03-05T00:49:04.981+0000] {processor.py:186} INFO - Started process (PID=1332) to work on /opt/airflow/dags/Homework_5.py
[2026-03-05T00:49:04.982+0000] {processor.py:914} INFO - Processing file /opt/airflow/dags/Homework_5.py for tasks to queue
[2026-03-05T00:49:04.984+0000] {logging_mixin.py:190} INFO - [2026-03-05T00:49:04.984+0000] {dagbag.py:587} INFO - Filling up the DagBag from /opt/airflow/dags/Homework_5.py
[2026-03-05T00:49:05.002+0000] {processor.py:925} INFO - DAG(s) 'WeatherData_ETL' retrieved from /opt/airflow/dags/Homework_5.py
[2026-03-05T00:49:05.012+0000] {logging_mixin.py:190} INFO - [2026-03-05T00:49:05.011+0000] {dag.py:3229} INFO - Sync 1 DAGs
[2026-03-05T00:49:05.021+0000] {logging_mixin.py:190} INFO - [2026-03-05T00:49:05.021+0000] {dag.py:4156} INFO - Setting next_dagrun for WeatherData_ETL to 2026-03-04 02:30:00+00:00, run_after=2026-03-05 02:30:00+00:00
[2026-03-05T00:49:05.027+0000] {processor.py:208} INFO - Processing /opt/airflow/dags/Homework_5.py took 0.051 seconds
[2026-03-05T00:49:35.296+0000] {processor.py:186} INFO - Started process (PID=1343) to work on /opt/airflow/dags/Homework_5.py
[2026-03-05T00:49:35.297+0000] {processor.py:914} INFO - Processing file /opt/airflow/dags/Homework_5.py for tasks to queue
[2026-03-05T00:49:35.299+0000] {logging_mixin.py:190} INFO - [2026-03-05T00:49:35.298+0000] {dagbag.py:587} INFO - Filling up the DagBag from /opt/airflow/dags/Homework_5.py
[2026-03-05T00:49:35.315+0000] {processor.py:925} INFO - DAG(s) 'WeatherData_ETL' retrieved from /opt/airflow/dags/Homework_5.py
[2026-03-05T00:49:35.324+0000] {logging_mixin.py:190} INFO - [2026-03-05T00:49:35.324+0000] {dag.py:3229} INFO - Sync 1 DAGs
[2026-03-05T00:49:35.334+0000] {logging_mixin.py:190} INFO - [2026-03-05T00:49:35.334+0000] {dag.py:4156} INFO - Setting next_dagrun for WeatherData_ETL to 2026-03-04 02:30:00+00:00, run_after=2026-03-05 02:30:00+00:00
[2026-03-05T00:49:35.341+0000] {processor.py:208} INFO - Processing /opt/airflow/dags/Homework_5.py took 0.050 seconds
[2026-03-05T00:50:05.644+0000] {processor.py:186} INFO - Started process (PID=1354) to work on /opt/airflow/dags/Homework_5.py
[2026-03-05T00:50:05.645+0000] {processor.py:914} INFO - Processing file /opt/airflow/dags/Homework_5.py for tasks to queue
[2026-03-05T00:50:05.649+0000] {logging_mixin.py:190} INFO - [2026-03-05T00:50:05.648+0000] {dagbag.py:587} INFO - Filling up the DagBag from /opt/airflow/dags/Homework_5.py
[2026-03-05T00:50:05.672+0000] {processor.py:925} INFO - DAG(s) 'WeatherData_ETL' retrieved from /opt/airflow/dags/Homework_5.py
[2026-03-05T00:50:05.681+0000] {logging_mixin.py:190} INFO - [2026-03-05T00:50:05.681+0000] {dag.py:3229} INFO - Sync 1 DAGs
[2026-03-05T00:50:05.692+0000] {logging_mixin.py:190} INFO - [2026-03-05T00:50:05.692+0000] {dag.py:4156} INFO - Setting next_dagrun for WeatherData_ETL to 2026-03-04 02:30:00+00:00, run_after=2026-03-05 02:30:00+00:00
[2026-03-05T00:50:05.699+0000] {processor.py:208} INFO - Processing /opt/airflow/dags/Homework_5.py took 0.063 seconds
[2026-03-05T00:50:35.977+0000] {processor.py:186} INFO - Started process (PID=1365) to work on /opt/airflow/dags/Homework_5.py
[2026-03-05T00:50:35.978+0000] {processor.py:914} INFO - Processing file /opt/airflow/dags/Homework_5.py for tasks to queue
[2026-03-05T00:50:35.980+0000] {logging_mixin.py:190} INFO - [2026-03-05T00:50:35.980+0000] {dagbag.py:587} INFO - Filling up the DagBag from /opt/airflow/dags/Homework_5.py
[2026-03-05T00:50:35.998+0000] {processor.py:925} INFO - DAG(s) 'WeatherData_ETL' retrieved from /opt/airflow/dags/Homework_5.py
[2026-03-05T00:50:36.008+0000] {logging_mixin.py:190} INFO - [2026-03-05T00:50:36.008+0000] {dag.py:3229} INFO - Sync 1 DAGs
[2026-03-05T00:50:36.017+0000] {logging_mixin.py:190} INFO - [2026-03-05T00:50:36.017+0000] {dag.py:4156} INFO - Setting next_dagrun for WeatherData_ETL to 2026-03-04 02:30:00+00:00, run_after=2026-03-05 02:30:00+00:00
[2026-03-05T00:50:36.024+0000] {processor.py:208} INFO - Processing /opt/airflow/dags/Homework_5.py took 0.053 seconds
[2026-03-05T00:51:06.304+0000] {processor.py:186} INFO - Started process (PID=1376) to work on /opt/airflow/dags/Homework_5.py
[2026-03-05T00:51:06.305+0000] {processor.py:914} INFO - Processing file /opt/airflow/dags/Homework_5.py for tasks to queue
[2026-03-05T00:51:06.307+0000] {logging_mixin.py:190} INFO - [2026-03-05T00:51:06.307+0000] {dagbag.py:587} INFO - Filling up the DagBag from /opt/airflow/dags/Homework_5.py
[2026-03-05T00:51:06.324+0000] {processor.py:925} INFO - DAG(s) 'WeatherData_ETL' retrieved from /opt/airflow/dags/Homework_5.py
[2026-03-05T00:51:06.334+0000] {logging_mixin.py:190} INFO - [2026-03-05T00:51:06.333+0000] {dag.py:3229} INFO - Sync 1 DAGs
[2026-03-05T00:51:06.344+0000] {logging_mixin.py:190} INFO - [2026-03-05T00:51:06.344+0000] {dag.py:4156} INFO - Setting next_dagrun for WeatherData_ETL to 2026-03-04 02:30:00+00:00, run_after=2026-03-05 02:30:00+00:00
[2026-03-05T00:51:06.351+0000] {processor.py:208} INFO - Processing /opt/airflow/dags/Homework_5.py took 0.052 seconds
[2026-03-05T00:51:36.627+0000] {processor.py:186} INFO - Started process (PID=1387) to work on /opt/airflow/dags/Homework_5.py
[2026-03-05T00:51:36.629+0000] {processor.py:914} INFO - Processing file /opt/airflow/dags/Homework_5.py for tasks to queue
[2026-03-05T00:51:36.631+0000] {logging_mixin.py:190} INFO - [2026-03-05T00:51:36.631+0000] {dagbag.py:587} INFO - Filling up the DagBag from /opt/airflow/dags/Homework_5.py
[2026-03-05T00:51:36.653+0000] {processor.py:925} INFO - DAG(s) 'WeatherData_ETL' retrieved from /opt/airflow/dags/Homework_5.py
[2026-03-05T00:51:36.663+0000] {logging_mixin.py:190} INFO - [2026-03-05T00:51:36.662+0000] {dag.py:3229} INFO - Sync 1 DAGs
[2026-03-05T00:51:36.672+0000] {logging_mixin.py:190} INFO - [2026-03-05T00:51:36.672+0000] {dag.py:4156} INFO - Setting next_dagrun for WeatherData_ETL to 2026-03-04 02:30:00+00:00, run_after=2026-03-05 02:30:00+00:00
[2026-03-05T00:51:36.678+0000] {processor.py:208} INFO - Processing /opt/airflow/dags/Homework_5.py took 0.057 seconds
[2026-03-05T00:52:06.875+0000] {processor.py:186} INFO - Started process (PID=1398) to work on /opt/airflow/dags/Homework_5.py
[2026-03-05T00:52:06.877+0000] {processor.py:914} INFO - Processing file /opt/airflow/dags/Homework_5.py for tasks to queue
[2026-03-05T00:52:06.880+0000] {logging_mixin.py:190} INFO - [2026-03-05T00:52:06.880+0000] {dagbag.py:587} INFO - Filling up the DagBag from /opt/airflow/dags/Homework_5.py
[2026-03-05T00:52:06.899+0000] {processor.py:925} INFO - DAG(s) 'WeatherData_ETL' retrieved from /opt/airflow/dags/Homework_5.py
[2026-03-05T00:52:06.908+0000] {logging_mixin.py:190} INFO - [2026-03-05T00:52:06.907+0000] {dag.py:3229} INFO - Sync 1 DAGs
[2026-03-05T00:52:06.918+0000] {logging_mixin.py:190} INFO - [2026-03-05T00:52:06.918+0000] {dag.py:4156} INFO - Setting next_dagrun for WeatherData_ETL to 2026-03-04 02:30:00+00:00, run_after=2026-03-05 02:30:00+00:00
[2026-03-05T00:52:06.925+0000] {processor.py:208} INFO - Processing /opt/airflow/dags/Homework_5.py took 0.057 seconds
[2026-03-05T00:52:37.158+0000] {processor.py:186} INFO - Started process (PID=1409) to work on /opt/airflow/dags/Homework_5.py
[2026-03-05T00:52:37.159+0000] {processor.py:914} INFO - Processing file /opt/airflow/dags/Homework_5.py for tasks to queue
[2026-03-05T00:52:37.161+0000] {logging_mixin.py:190} INFO - [2026-03-05T00:52:37.161+0000] {dagbag.py:587} INFO - Filling up the DagBag from /opt/airflow/dags/Homework_5.py
[2026-03-05T00:52:37.182+0000] {processor.py:925} INFO - DAG(s) 'WeatherData_ETL' retrieved from /opt/airflow/dags/Homework_5.py
[2026-03-05T00:52:37.193+0000] {logging_mixin.py:190} INFO - [2026-03-05T00:52:37.192+0000] {dag.py:3229} INFO - Sync 1 DAGs
[2026-03-05T00:52:37.204+0000] {logging_mixin.py:190} INFO - [2026-03-05T00:52:37.203+0000] {dag.py:4156} INFO - Setting next_dagrun for WeatherData_ETL to 2026-03-04 02:30:00+00:00, run_after=2026-03-05 02:30:00+00:00
[2026-03-05T00:52:37.210+0000] {processor.py:208} INFO - Processing /opt/airflow/dags/Homework_5.py took 0.058 seconds
[2026-03-05T00:53:07.473+0000] {processor.py:186} INFO - Started process (PID=1420) to work on /opt/airflow/dags/Homework_5.py
[2026-03-05T00:53:07.475+0000] {processor.py:914} INFO - Processing file /opt/airflow/dags/Homework_5.py for tasks to queue
[2026-03-05T00:53:07.477+0000] {logging_mixin.py:190} INFO - [2026-03-05T00:53:07.477+0000] {dagbag.py:587} INFO - Filling up the DagBag from /opt/airflow/dags/Homework_5.py
[2026-03-05T00:53:07.496+0000] {processor.py:925} INFO - DAG(s) 'WeatherData_ETL' retrieved from /opt/airflow/dags/Homework_5.py
[2026-03-05T00:53:07.506+0000] {logging_mixin.py:190} INFO - [2026-03-05T00:53:07.506+0000] {dag.py:3229} INFO - Sync 1 DAGs
[2026-03-05T00:53:07.516+0000] {logging_mixin.py:190} INFO - [2026-03-05T00:53:07.516+0000] {dag.py:4156} INFO - Setting next_dagrun for WeatherData_ETL to 2026-03-04 02:30:00+00:00, run_after=2026-03-05 02:30:00+00:00
[2026-03-05T00:53:07.523+0000] {processor.py:208} INFO - Processing /opt/airflow/dags/Homework_5.py took 0.055 seconds
[2026-03-05T00:53:37.795+0000] {processor.py:186} INFO - Started process (PID=1431) to work on /opt/airflow/dags/Homework_5.py
[2026-03-05T00:53:37.796+0000] {processor.py:914} INFO - Processing file /opt/airflow/dags/Homework_5.py for tasks to queue
[2026-03-05T00:53:37.798+0000] {logging_mixin.py:190} INFO - [2026-03-05T00:53:37.798+0000] {dagbag.py:587} INFO - Filling up the DagBag from /opt/airflow/dags/Homework_5.py
[2026-03-05T00:53:37.816+0000] {processor.py:925} INFO - DAG(s) 'WeatherData_ETL' retrieved from /opt/airflow/dags/Homework_5.py
[2026-03-05T00:53:37.825+0000] {logging_mixin.py:190} INFO - [2026-03-05T00:53:37.825+0000] {dag.py:3229} INFO - Sync 1 DAGs
[2026-03-05T00:53:37.834+0000] {logging_mixin.py:190} INFO - [2026-03-05T00:53:37.834+0000] {dag.py:4156} INFO - Setting next_dagrun for WeatherData_ETL to 2026-03-04 02:30:00+00:00, run_after=2026-03-05 02:30:00+00:00
[2026-03-05T00:53:37.840+0000] {processor.py:208} INFO - Processing /opt/airflow/dags/Homework_5.py took 0.051 seconds
[2026-03-05T00:54:08.144+0000] {processor.py:186} INFO - Started process (PID=1442) to work on /opt/airflow/dags/Homework_5.py
[2026-03-05T00:54:08.146+0000] {processor.py:914} INFO - Processing file /opt/airflow/dags/Homework_5.py for tasks to queue
[2026-03-05T00:54:08.150+0000] {logging_mixin.py:190} INFO - [2026-03-05T00:54:08.149+0000] {dagbag.py:587} INFO - Filling up the DagBag from /opt/airflow/dags/Homework_5.py
[2026-03-05T00:54:08.182+0000] {processor.py:925} INFO - DAG(s) 'WeatherData_ETL' retrieved from /opt/airflow/dags/Homework_5.py
[2026-03-05T00:54:08.196+0000] {logging_mixin.py:190} INFO - [2026-03-05T00:54:08.195+0000] {dag.py:3229} INFO - Sync 1 DAGs
[2026-03-05T00:54:08.208+0000] {logging_mixin.py:190} INFO - [2026-03-05T00:54:08.208+0000] {dag.py:4156} INFO - Setting next_dagrun for WeatherData_ETL to 2026-03-04 02:30:00+00:00, run_after=2026-03-05 02:30:00+00:00
[2026-03-05T00:54:08.216+0000] {processor.py:208} INFO - Processing /opt/airflow/dags/Homework_5.py took 0.081 seconds
[2026-03-05T00:54:38.418+0000] {processor.py:186} INFO - Started process (PID=1453) to work on /opt/airflow/dags/Homework_5.py
[2026-03-05T00:54:38.419+0000] {processor.py:914} INFO - Processing file /opt/airflow/dags/Homework_5.py for tasks to queue
[2026-03-05T00:54:38.422+0000] {logging_mixin.py:190} INFO - [2026-03-05T00:54:38.421+0000] {dagbag.py:587} INFO - Filling up the DagBag from /opt/airflow/dags/Homework_5.py
[2026-03-05T00:54:38.444+0000] {processor.py:925} INFO - DAG(s) 'WeatherData_ETL' retrieved from /opt/airflow/dags/Homework_5.py
[2026-03-05T00:54:38.457+0000] {logging_mixin.py:190} INFO - [2026-03-05T00:54:38.456+0000] {dag.py:3229} INFO - Sync 1 DAGs
[2026-03-05T00:54:38.470+0000] {logging_mixin.py:190} INFO - [2026-03-05T00:54:38.470+0000] {dag.py:4156} INFO - Setting next_dagrun for WeatherData_ETL to 2026-03-04 02:30:00+00:00, run_after=2026-03-05 02:30:00+00:00
[2026-03-05T00:54:38.479+0000] {processor.py:208} INFO - Processing /opt/airflow/dags/Homework_5.py took 0.067 seconds
[2026-03-05T00:55:08.726+0000] {processor.py:186} INFO - Started process (PID=1464) to work on /opt/airflow/dags/Homework_5.py
[2026-03-05T00:55:08.727+0000] {processor.py:914} INFO - Processing file /opt/airflow/dags/Homework_5.py for tasks to queue
[2026-03-05T00:55:08.729+0000] {logging_mixin.py:190} INFO - [2026-03-05T00:55:08.728+0000] {dagbag.py:587} INFO - Filling up the DagBag from /opt/airflow/dags/Homework_5.py
[2026-03-05T00:55:08.753+0000] {processor.py:925} INFO - DAG(s) 'WeatherData_ETL' retrieved from /opt/airflow/dags/Homework_5.py
[2026-03-05T00:55:08.762+0000] {logging_mixin.py:190} INFO - [2026-03-05T00:55:08.762+0000] {dag.py:3229} INFO - Sync 1 DAGs
[2026-03-05T00:55:08.772+0000] {logging_mixin.py:190} INFO - [2026-03-05T00:55:08.772+0000] {dag.py:4156} INFO - Setting next_dagrun for WeatherData_ETL to 2026-03-04 02:30:00+00:00, run_after=2026-03-05 02:30:00+00:00
[2026-03-05T00:55:08.779+0000] {processor.py:208} INFO - Processing /opt/airflow/dags/Homework_5.py took 0.060 seconds
[2026-03-05T00:55:39.052+0000] {processor.py:186} INFO - Started process (PID=1475) to work on /opt/airflow/dags/Homework_5.py
[2026-03-05T00:55:39.053+0000] {processor.py:914} INFO - Processing file /opt/airflow/dags/Homework_5.py for tasks to queue
[2026-03-05T00:55:39.055+0000] {logging_mixin.py:190} INFO - [2026-03-05T00:55:39.055+0000] {dagbag.py:587} INFO - Filling up the DagBag from /opt/airflow/dags/Homework_5.py
[2026-03-05T00:55:39.072+0000] {processor.py:925} INFO - DAG(s) 'WeatherData_ETL' retrieved from /opt/airflow/dags/Homework_5.py
[2026-03-05T00:55:39.082+0000] {logging_mixin.py:190} INFO - [2026-03-05T00:55:39.082+0000] {dag.py:3229} INFO - Sync 1 DAGs
[2026-03-05T00:55:39.093+0000] {logging_mixin.py:190} INFO - [2026-03-05T00:55:39.093+0000] {dag.py:4156} INFO - Setting next_dagrun for WeatherData_ETL to 2026-03-04 02:30:00+00:00, run_after=2026-03-05 02:30:00+00:00
[2026-03-05T00:55:39.100+0000] {processor.py:208} INFO - Processing /opt/airflow/dags/Homework_5.py took 0.054 seconds
[2026-03-05T00:56:09.369+0000] {processor.py:186} INFO - Started process (PID=1486) to work on /opt/airflow/dags/Homework_5.py
[2026-03-05T00:56:09.370+0000] {processor.py:914} INFO - Processing file /opt/airflow/dags/Homework_5.py for tasks to queue
[2026-03-05T00:56:09.372+0000] {logging_mixin.py:190} INFO - [2026-03-05T00:56:09.372+0000] {dagbag.py:587} INFO - Filling up the DagBag from /opt/airflow/dags/Homework_5.py
[2026-03-05T00:56:09.392+0000] {processor.py:925} INFO - DAG(s) 'WeatherData_ETL' retrieved from /opt/airflow/dags/Homework_5.py
[2026-03-05T00:56:09.403+0000] {logging_mixin.py:190} INFO - [2026-03-05T00:56:09.403+0000] {dag.py:3229} INFO - Sync 1 DAGs
[2026-03-05T00:56:09.416+0000] {logging_mixin.py:190} INFO - [2026-03-05T00:56:09.416+0000] {dag.py:4156} INFO - Setting next_dagrun for WeatherData_ETL to 2026-03-04 02:30:00+00:00, run_after=2026-03-05 02:30:00+00:00
[2026-03-05T00:56:09.422+0000] {processor.py:208} INFO - Processing /opt/airflow/dags/Homework_5.py took 0.059 seconds
[2026-03-05T00:56:39.687+0000] {processor.py:186} INFO - Started process (PID=1497) to work on /opt/airflow/dags/Homework_5.py
[2026-03-05T00:56:39.688+0000] {processor.py:914} INFO - Processing file /opt/airflow/dags/Homework_5.py for tasks to queue
[2026-03-05T00:56:39.690+0000] {logging_mixin.py:190} INFO - [2026-03-05T00:56:39.690+0000] {dagbag.py:587} INFO - Filling up the DagBag from /opt/airflow/dags/Homework_5.py
[2026-03-05T00:56:39.711+0000] {processor.py:925} INFO - DAG(s) 'WeatherData_ETL' retrieved from /opt/airflow/dags/Homework_5.py
[2026-03-05T00:56:39.721+0000] {logging_mixin.py:190} INFO - [2026-03-05T00:56:39.721+0000] {dag.py:3229} INFO - Sync 1 DAGs
[2026-03-05T00:56:39.731+0000] {logging_mixin.py:190} INFO - [2026-03-05T00:56:39.731+0000] {dag.py:4156} INFO - Setting next_dagrun for WeatherData_ETL to 2026-03-04 02:30:00+00:00, run_after=2026-03-05 02:30:00+00:00
[2026-03-05T00:56:39.738+0000] {processor.py:208} INFO - Processing /opt/airflow/dags/Homework_5.py took 0.056 seconds
[2026-03-05T00:57:09.991+0000] {processor.py:186} INFO - Started process (PID=1508) to work on /opt/airflow/dags/Homework_5.py
[2026-03-05T00:57:09.992+0000] {processor.py:914} INFO - Processing file /opt/airflow/dags/Homework_5.py for tasks to queue
[2026-03-05T00:57:09.994+0000] {logging_mixin.py:190} INFO - [2026-03-05T00:57:09.994+0000] {dagbag.py:587} INFO - Filling up the DagBag from /opt/airflow/dags/Homework_5.py
[2026-03-05T00:57:10.012+0000] {processor.py:925} INFO - DAG(s) 'WeatherData_ETL' retrieved from /opt/airflow/dags/Homework_5.py
[2026-03-05T00:57:10.021+0000] {logging_mixin.py:190} INFO - [2026-03-05T00:57:10.021+0000] {dag.py:3229} INFO - Sync 1 DAGs
[2026-03-05T00:57:10.031+0000] {logging_mixin.py:190} INFO - [2026-03-05T00:57:10.031+0000] {dag.py:4156} INFO - Setting next_dagrun for WeatherData_ETL to 2026-03-04 02:30:00+00:00, run_after=2026-03-05 02:30:00+00:00
[2026-03-05T00:57:10.038+0000] {processor.py:208} INFO - Processing /opt/airflow/dags/Homework_5.py took 0.053 seconds
[2026-03-05T00:57:40.268+0000] {processor.py:186} INFO - Started process (PID=1519) to work on /opt/airflow/dags/Homework_5.py
[2026-03-05T00:57:40.269+0000] {processor.py:914} INFO - Processing file /opt/airflow/dags/Homework_5.py for tasks to queue
[2026-03-05T00:57:40.270+0000] {logging_mixin.py:190} INFO - [2026-03-05T00:57:40.270+0000] {dagbag.py:587} INFO - Filling up the DagBag from /opt/airflow/dags/Homework_5.py
[2026-03-05T00:57:40.286+0000] {processor.py:925} INFO - DAG(s) 'WeatherData_ETL' retrieved from /opt/airflow/dags/Homework_5.py
[2026-03-05T00:57:40.295+0000] {logging_mixin.py:190} INFO - [2026-03-05T00:57:40.295+0000] {dag.py:3229} INFO - Sync 1 DAGs
[2026-03-05T00:57:40.307+0000] {logging_mixin.py:190} INFO - [2026-03-05T00:57:40.307+0000] {dag.py:4156} INFO - Setting next_dagrun for WeatherData_ETL to 2026-03-04 02:30:00+00:00, run_after=2026-03-05 02:30:00+00:00
[2026-03-05T00:57:40.315+0000] {processor.py:208} INFO - Processing /opt/airflow/dags/Homework_5.py took 0.051 seconds
[2026-03-05T00:58:10.557+0000] {processor.py:186} INFO - Started process (PID=1545) to work on /opt/airflow/dags/Homework_5.py
[2026-03-05T00:58:10.558+0000] {processor.py:914} INFO - Processing file /opt/airflow/dags/Homework_5.py for tasks to queue
[2026-03-05T00:58:10.561+0000] {logging_mixin.py:190} INFO - [2026-03-05T00:58:10.560+0000] {dagbag.py:587} INFO - Filling up the DagBag from /opt/airflow/dags/Homework_5.py
[2026-03-05T00:58:10.582+0000] {processor.py:925} INFO - DAG(s) 'WeatherData_ETL' retrieved from /opt/airflow/dags/Homework_5.py
[2026-03-05T00:58:10.593+0000] {logging_mixin.py:190} INFO - [2026-03-05T00:58:10.592+0000] {dag.py:3229} INFO - Sync 1 DAGs
[2026-03-05T00:58:10.603+0000] {logging_mixin.py:190} INFO - [2026-03-05T00:58:10.603+0000] {dag.py:4156} INFO - Setting next_dagrun for WeatherData_ETL to 2026-03-04 02:30:00+00:00, run_after=2026-03-05 02:30:00+00:00
[2026-03-05T00:58:10.609+0000] {processor.py:208} INFO - Processing /opt/airflow/dags/Homework_5.py took 0.058 seconds
[2026-03-05T00:58:40.830+0000] {processor.py:186} INFO - Started process (PID=1571) to work on /opt/airflow/dags/Homework_5.py
[2026-03-05T00:58:40.831+0000] {processor.py:914} INFO - Processing file /opt/airflow/dags/Homework_5.py for tasks to queue
[2026-03-05T00:58:40.832+0000] {logging_mixin.py:190} INFO - [2026-03-05T00:58:40.832+0000] {dagbag.py:587} INFO - Filling up the DagBag from /opt/airflow/dags/Homework_5.py
[2026-03-05T00:58:40.852+0000] {processor.py:925} INFO - DAG(s) 'WeatherData_ETL' retrieved from /opt/airflow/dags/Homework_5.py
[2026-03-05T00:58:40.872+0000] {logging_mixin.py:190} INFO - [2026-03-05T00:58:40.871+0000] {dag.py:3229} INFO - Sync 1 DAGs
[2026-03-05T00:58:40.892+0000] {logging_mixin.py:190} INFO - [2026-03-05T00:58:40.891+0000] {dag.py:4156} INFO - Setting next_dagrun for WeatherData_ETL to 2026-03-04 02:30:00+00:00, run_after=2026-03-05 02:30:00+00:00
[2026-03-05T00:58:40.900+0000] {processor.py:208} INFO - Processing /opt/airflow/dags/Homework_5.py took 0.074 seconds
[2026-03-05T00:59:11.128+0000] {processor.py:186} INFO - Started process (PID=1582) to work on /opt/airflow/dags/Homework_5.py
[2026-03-05T00:59:11.129+0000] {processor.py:914} INFO - Processing file /opt/airflow/dags/Homework_5.py for tasks to queue
[2026-03-05T00:59:11.131+0000] {logging_mixin.py:190} INFO - [2026-03-05T00:59:11.130+0000] {dagbag.py:587} INFO - Filling up the DagBag from /opt/airflow/dags/Homework_5.py
[2026-03-05T00:59:11.149+0000] {processor.py:925} INFO - DAG(s) 'WeatherData_ETL' retrieved from /opt/airflow/dags/Homework_5.py
[2026-03-05T00:59:11.158+0000] {logging_mixin.py:190} INFO - [2026-03-05T00:59:11.158+0000] {dag.py:3229} INFO - Sync 1 DAGs
[2026-03-05T00:59:11.168+0000] {logging_mixin.py:190} INFO - [2026-03-05T00:59:11.168+0000] {dag.py:4156} INFO - Setting next_dagrun for WeatherData_ETL to 2026-03-04 02:30:00+00:00, run_after=2026-03-05 02:30:00+00:00
[2026-03-05T00:59:11.175+0000] {processor.py:208} INFO - Processing /opt/airflow/dags/Homework_5.py took 0.052 seconds
[2026-03-05T00:59:41.443+0000] {processor.py:186} INFO - Started process (PID=1593) to work on /opt/airflow/dags/Homework_5.py
[2026-03-05T00:59:41.444+0000] {processor.py:914} INFO - Processing file /opt/airflow/dags/Homework_5.py for tasks to queue
[2026-03-05T00:59:41.447+0000] {logging_mixin.py:190} INFO - [2026-03-05T00:59:41.447+0000] {dagbag.py:587} INFO - Filling up the DagBag from /opt/airflow/dags/Homework_5.py
[2026-03-05T00:59:41.467+0000] {processor.py:925} INFO - DAG(s) 'WeatherData_ETL' retrieved from /opt/airflow/dags/Homework_5.py
[2026-03-05T00:59:41.477+0000] {logging_mixin.py:190} INFO - [2026-03-05T00:59:41.477+0000] {dag.py:3229} INFO - Sync 1 DAGs
[2026-03-05T00:59:41.488+0000] {logging_mixin.py:190} INFO - [2026-03-05T00:59:41.488+0000] {dag.py:4156} INFO - Setting next_dagrun for WeatherData_ETL to 2026-03-04 02:30:00+00:00, run_after=2026-03-05 02:30:00+00:00
[2026-03-05T00:59:41.495+0000] {processor.py:208} INFO - Processing /opt/airflow/dags/Homework_5.py took 0.059 seconds
[2026-03-05T01:00:06.497+0000] {processor.py:186} INFO - Started process (PID=217) to work on /opt/airflow/dags/Homework_5.py
[2026-03-05T01:00:06.499+0000] {processor.py:914} INFO - Processing file /opt/airflow/dags/Homework_5.py for tasks to queue
[2026-03-05T01:00:06.500+0000] {logging_mixin.py:190} INFO - [2026-03-05T01:00:06.499+0000] {dagbag.py:587} INFO - Filling up the DagBag from /opt/airflow/dags/Homework_5.py
[2026-03-05T01:00:06.514+0000] {processor.py:925} INFO - DAG(s) 'WeatherData_ETL' retrieved from /opt/airflow/dags/Homework_5.py
[2026-03-05T01:00:06.575+0000] {logging_mixin.py:190} INFO - [2026-03-05T01:00:06.575+0000] {dag.py:3229} INFO - Sync 1 DAGs
[2026-03-05T01:00:06.598+0000] {logging_mixin.py:190} INFO - [2026-03-05T01:00:06.598+0000] {dag.py:4156} INFO - Setting next_dagrun for WeatherData_ETL to 2026-03-04 02:30:00+00:00, run_after=2026-03-05 02:30:00+00:00
[2026-03-05T01:00:06.603+0000] {processor.py:208} INFO - Processing /opt/airflow/dags/Homework_5.py took 0.109 seconds
[2026-03-05T01:00:36.766+0000] {processor.py:186} INFO - Started process (PID=255) to work on /opt/airflow/dags/Homework_5.py
[2026-03-05T01:00:36.767+0000] {processor.py:914} INFO - Processing file /opt/airflow/dags/Homework_5.py for tasks to queue
[2026-03-05T01:00:36.769+0000] {logging_mixin.py:190} INFO - [2026-03-05T01:00:36.769+0000] {dagbag.py:587} INFO - Filling up the DagBag from /opt/airflow/dags/Homework_5.py
[2026-03-05T01:00:36.787+0000] {processor.py:925} INFO - DAG(s) 'WeatherData_ETL' retrieved from /opt/airflow/dags/Homework_5.py
[2026-03-05T01:00:36.796+0000] {logging_mixin.py:190} INFO - [2026-03-05T01:00:36.795+0000] {dag.py:3229} INFO - Sync 1 DAGs
[2026-03-05T01:00:36.804+0000] {logging_mixin.py:190} INFO - [2026-03-05T01:00:36.804+0000] {dag.py:4156} INFO - Setting next_dagrun for WeatherData_ETL to 2026-03-03 02:30:00+00:00, run_after=2026-03-04 02:30:00+00:00
[2026-03-05T01:00:36.811+0000] {processor.py:208} INFO - Processing /opt/airflow/dags/Homework_5.py took 0.051 seconds
[2026-03-05T01:01:07.090+0000] {processor.py:186} INFO - Started process (PID=297) to work on /opt/airflow/dags/Homework_5.py
[2026-03-05T01:01:07.091+0000] {processor.py:914} INFO - Processing file /opt/airflow/dags/Homework_5.py for tasks to queue
[2026-03-05T01:01:07.093+0000] {logging_mixin.py:190} INFO - [2026-03-05T01:01:07.093+0000] {dagbag.py:587} INFO - Filling up the DagBag from /opt/airflow/dags/Homework_5.py
[2026-03-05T01:01:07.110+0000] {processor.py:925} INFO - DAG(s) 'WeatherData_ETL' retrieved from /opt/airflow/dags/Homework_5.py
[2026-03-05T01:01:07.119+0000] {logging_mixin.py:190} INFO - [2026-03-05T01:01:07.119+0000] {dag.py:3229} INFO - Sync 1 DAGs
[2026-03-05T01:01:07.129+0000] {logging_mixin.py:190} INFO - [2026-03-05T01:01:07.129+0000] {dag.py:4156} INFO - Setting next_dagrun for WeatherData_ETL to 2026-03-04 02:30:00+00:00, run_after=2026-03-05 02:30:00+00:00
[2026-03-05T01:01:07.135+0000] {processor.py:208} INFO - Processing /opt/airflow/dags/Homework_5.py took 0.050 seconds
[2026-03-05T01:01:37.334+0000] {processor.py:186} INFO - Started process (PID=308) to work on /opt/airflow/dags/Homework_5.py
[2026-03-05T01:01:37.335+0000] {processor.py:914} INFO - Processing file /opt/airflow/dags/Homework_5.py for tasks to queue
[2026-03-05T01:01:37.336+0000] {logging_mixin.py:190} INFO - [2026-03-05T01:01:37.336+0000] {dagbag.py:587} INFO - Filling up the DagBag from /opt/airflow/dags/Homework_5.py
[2026-03-05T01:01:37.352+0000] {processor.py:925} INFO - DAG(s) 'WeatherData_ETL' retrieved from /opt/airflow/dags/Homework_5.py
[2026-03-05T01:01:37.360+0000] {logging_mixin.py:190} INFO - [2026-03-05T01:01:37.360+0000] {dag.py:3229} INFO - Sync 1 DAGs
[2026-03-05T01:01:37.370+0000] {logging_mixin.py:190} INFO - [2026-03-05T01:01:37.370+0000] {dag.py:4156} INFO - Setting next_dagrun for WeatherData_ETL to 2026-03-04 02:30:00+00:00, run_after=2026-03-05 02:30:00+00:00
[2026-03-05T01:01:37.376+0000] {processor.py:208} INFO - Processing /opt/airflow/dags/Homework_5.py took 0.048 seconds
[2026-03-05T01:02:07.622+0000] {processor.py:186} INFO - Started process (PID=319) to work on /opt/airflow/dags/Homework_5.py
[2026-03-05T01:02:07.623+0000] {processor.py:914} INFO - Processing file /opt/airflow/dags/Homework_5.py for tasks to queue
[2026-03-05T01:02:07.625+0000] {logging_mixin.py:190} INFO - [2026-03-05T01:02:07.625+0000] {dagbag.py:587} INFO - Filling up the DagBag from /opt/airflow/dags/Homework_5.py
[2026-03-05T01:02:07.644+0000] {processor.py:925} INFO - DAG(s) 'WeatherData_ETL' retrieved from /opt/airflow/dags/Homework_5.py
[2026-03-05T01:02:07.653+0000] {logging_mixin.py:190} INFO - [2026-03-05T01:02:07.652+0000] {dag.py:3229} INFO - Sync 1 DAGs
[2026-03-05T01:02:07.662+0000] {logging_mixin.py:190} INFO - [2026-03-05T01:02:07.662+0000] {dag.py:4156} INFO - Setting next_dagrun for WeatherData_ETL to 2026-03-04 02:30:00+00:00, run_after=2026-03-05 02:30:00+00:00
[2026-03-05T01:02:07.668+0000] {processor.py:208} INFO - Processing /opt/airflow/dags/Homework_5.py took 0.053 seconds
[2026-03-05T01:02:11.681+0000] {processor.py:186} INFO - Started process (PID=324) to work on /opt/airflow/dags/Homework_5.py
[2026-03-05T01:02:11.682+0000] {processor.py:914} INFO - Processing file /opt/airflow/dags/Homework_5.py for tasks to queue
[2026-03-05T01:02:11.684+0000] {logging_mixin.py:190} INFO - [2026-03-05T01:02:11.684+0000] {dagbag.py:587} INFO - Filling up the DagBag from /opt/airflow/dags/Homework_5.py
[2026-03-05T01:02:11.717+0000] {processor.py:925} INFO - DAG(s) 'WeatherData_ETL' retrieved from /opt/airflow/dags/Homework_5.py
[2026-03-05T01:02:11.727+0000] {logging_mixin.py:190} INFO - [2026-03-05T01:02:11.727+0000] {dag.py:3229} INFO - Sync 1 DAGs
[2026-03-05T01:02:11.742+0000] {logging_mixin.py:190} INFO - [2026-03-05T01:02:11.741+0000] {dag.py:4156} INFO - Setting next_dagrun for WeatherData_ETL to 2026-03-04 02:30:00+00:00, run_after=2026-03-05 02:30:00+00:00
[2026-03-05T01:02:11.753+0000] {processor.py:208} INFO - Processing /opt/airflow/dags/Homework_5.py took 0.079 seconds
[2026-03-05T01:02:24.835+0000] {processor.py:186} INFO - Started process (PID=335) to work on /opt/airflow/dags/Homework_5.py
[2026-03-05T01:02:24.839+0000] {processor.py:914} INFO - Processing file /opt/airflow/dags/Homework_5.py for tasks to queue
[2026-03-05T01:02:24.841+0000] {logging_mixin.py:190} INFO - [2026-03-05T01:02:24.841+0000] {dagbag.py:587} INFO - Filling up the DagBag from /opt/airflow/dags/Homework_5.py
[2026-03-05T01:02:24.863+0000] {processor.py:925} INFO - DAG(s) 'WeatherData_ETL' retrieved from /opt/airflow/dags/Homework_5.py
[2026-03-05T01:02:24.873+0000] {logging_mixin.py:190} INFO - [2026-03-05T01:02:24.873+0000] {dag.py:3229} INFO - Sync 1 DAGs
[2026-03-05T01:02:24.884+0000] {logging_mixin.py:190} INFO - [2026-03-05T01:02:24.884+0000] {dag.py:4156} INFO - Setting next_dagrun for WeatherData_ETL to 2026-03-04 02:30:00+00:00, run_after=2026-03-05 02:30:00+00:00
[2026-03-05T01:02:24.891+0000] {processor.py:208} INFO - Processing /opt/airflow/dags/Homework_5.py took 0.063 seconds
[2026-03-05T01:02:55.097+0000] {processor.py:186} INFO - Started process (PID=361) to work on /opt/airflow/dags/Homework_5.py
[2026-03-05T01:02:55.098+0000] {processor.py:914} INFO - Processing file /opt/airflow/dags/Homework_5.py for tasks to queue
[2026-03-05T01:02:55.101+0000] {logging_mixin.py:190} INFO - [2026-03-05T01:02:55.101+0000] {dagbag.py:587} INFO - Filling up the DagBag from /opt/airflow/dags/Homework_5.py
[2026-03-05T01:02:55.120+0000] {processor.py:925} INFO - DAG(s) 'WeatherData_ETL' retrieved from /opt/airflow/dags/Homework_5.py
[2026-03-05T01:02:55.130+0000] {logging_mixin.py:190} INFO - [2026-03-05T01:02:55.129+0000] {dag.py:3229} INFO - Sync 1 DAGs
[2026-03-05T01:02:55.140+0000] {logging_mixin.py:190} INFO - [2026-03-05T01:02:55.140+0000] {dag.py:4156} INFO - Setting next_dagrun for WeatherData_ETL to 2026-03-04 02:30:00+00:00, run_after=2026-03-05 02:30:00+00:00
[2026-03-05T01:02:55.146+0000] {processor.py:208} INFO - Processing /opt/airflow/dags/Homework_5.py took 0.056 seconds
[2026-03-05T01:03:25.337+0000] {processor.py:186} INFO - Started process (PID=387) to work on /opt/airflow/dags/Homework_5.py
[2026-03-05T01:03:25.338+0000] {processor.py:914} INFO - Processing file /opt/airflow/dags/Homework_5.py for tasks to queue
[2026-03-05T01:03:25.339+0000] {logging_mixin.py:190} INFO - [2026-03-05T01:03:25.339+0000] {dagbag.py:587} INFO - Filling up the DagBag from /opt/airflow/dags/Homework_5.py
[2026-03-05T01:03:25.357+0000] {processor.py:925} INFO - DAG(s) 'WeatherData_ETL' retrieved from /opt/airflow/dags/Homework_5.py
[2026-03-05T01:03:25.365+0000] {logging_mixin.py:190} INFO - [2026-03-05T01:03:25.364+0000] {dag.py:3229} INFO - Sync 1 DAGs
[2026-03-05T01:03:25.374+0000] {logging_mixin.py:190} INFO - [2026-03-05T01:03:25.374+0000] {dag.py:4156} INFO - Setting next_dagrun for WeatherData_ETL to 2026-03-03 02:30:00+00:00, run_after=2026-03-04 02:30:00+00:00
[2026-03-05T01:03:25.380+0000] {processor.py:208} INFO - Processing /opt/airflow/dags/Homework_5.py took 0.050 seconds
[2026-03-05T01:03:55.625+0000] {processor.py:186} INFO - Started process (PID=413) to work on /opt/airflow/dags/Homework_5.py
[2026-03-05T01:03:55.627+0000] {processor.py:914} INFO - Processing file /opt/airflow/dags/Homework_5.py for tasks to queue
[2026-03-05T01:03:55.629+0000] {logging_mixin.py:190} INFO - [2026-03-05T01:03:55.629+0000] {dagbag.py:587} INFO - Filling up the DagBag from /opt/airflow/dags/Homework_5.py
[2026-03-05T01:03:55.645+0000] {processor.py:925} INFO - DAG(s) 'WeatherData_ETL' retrieved from /opt/airflow/dags/Homework_5.py
[2026-03-05T01:03:55.659+0000] {logging_mixin.py:190} INFO - [2026-03-05T01:03:55.658+0000] {dag.py:3229} INFO - Sync 1 DAGs
[2026-03-05T01:03:55.674+0000] {logging_mixin.py:190} INFO - [2026-03-05T01:03:55.674+0000] {dag.py:4156} INFO - Setting next_dagrun for WeatherData_ETL to 2026-03-04 02:30:00+00:00, run_after=2026-03-05 02:30:00+00:00
[2026-03-05T01:03:55.696+0000] {processor.py:208} INFO - Processing /opt/airflow/dags/Homework_5.py took 0.078 seconds
[2026-03-05T01:04:25.880+0000] {processor.py:186} INFO - Started process (PID=424) to work on /opt/airflow/dags/Homework_5.py
[2026-03-05T01:04:25.882+0000] {processor.py:914} INFO - Processing file /opt/airflow/dags/Homework_5.py for tasks to queue
[2026-03-05T01:04:25.884+0000] {logging_mixin.py:190} INFO - [2026-03-05T01:04:25.884+0000] {dagbag.py:587} INFO - Filling up the DagBag from /opt/airflow/dags/Homework_5.py
[2026-03-05T01:04:25.903+0000] {processor.py:925} INFO - DAG(s) 'WeatherData_ETL' retrieved from /opt/airflow/dags/Homework_5.py
[2026-03-05T01:04:25.912+0000] {logging_mixin.py:190} INFO - [2026-03-05T01:04:25.912+0000] {dag.py:3229} INFO - Sync 1 DAGs
[2026-03-05T01:04:25.922+0000] {logging_mixin.py:190} INFO - [2026-03-05T01:04:25.922+0000] {dag.py:4156} INFO - Setting next_dagrun for WeatherData_ETL to 2026-03-04 02:30:00+00:00, run_after=2026-03-05 02:30:00+00:00
[2026-03-05T01:04:25.928+0000] {processor.py:208} INFO - Processing /opt/airflow/dags/Homework_5.py took 0.055 seconds
[2026-03-05T01:04:56.159+0000] {processor.py:186} INFO - Started process (PID=435) to work on /opt/airflow/dags/Homework_5.py
[2026-03-05T01:04:56.161+0000] {processor.py:914} INFO - Processing file /opt/airflow/dags/Homework_5.py for tasks to queue
[2026-03-05T01:04:56.164+0000] {logging_mixin.py:190} INFO - [2026-03-05T01:04:56.164+0000] {dagbag.py:587} INFO - Filling up the DagBag from /opt/airflow/dags/Homework_5.py
[2026-03-05T01:04:56.183+0000] {processor.py:925} INFO - DAG(s) 'WeatherData_ETL' retrieved from /opt/airflow/dags/Homework_5.py
[2026-03-05T01:04:56.191+0000] {logging_mixin.py:190} INFO - [2026-03-05T01:04:56.190+0000] {dag.py:3229} INFO - Sync 1 DAGs
[2026-03-05T01:04:56.200+0000] {logging_mixin.py:190} INFO - [2026-03-05T01:04:56.200+0000] {dag.py:4156} INFO - Setting next_dagrun for WeatherData_ETL to 2026-03-04 02:30:00+00:00, run_after=2026-03-05 02:30:00+00:00
[2026-03-05T01:04:56.207+0000] {processor.py:208} INFO - Processing /opt/airflow/dags/Homework_5.py took 0.053 seconds
[2026-03-05T01:05:26.495+0000] {processor.py:186} INFO - Started process (PID=446) to work on /opt/airflow/dags/Homework_5.py
[2026-03-05T01:05:26.497+0000] {processor.py:914} INFO - Processing file /opt/airflow/dags/Homework_5.py for tasks to queue
[2026-03-05T01:05:26.498+0000] {logging_mixin.py:190} INFO - [2026-03-05T01:05:26.498+0000] {dagbag.py:587} INFO - Filling up the DagBag from /opt/airflow/dags/Homework_5.py
[2026-03-05T01:05:26.516+0000] {processor.py:925} INFO - DAG(s) 'WeatherData_ETL' retrieved from /opt/airflow/dags/Homework_5.py
[2026-03-05T01:05:26.525+0000] {logging_mixin.py:190} INFO - [2026-03-05T01:05:26.524+0000] {dag.py:3229} INFO - Sync 1 DAGs
[2026-03-05T01:05:26.535+0000] {logging_mixin.py:190} INFO - [2026-03-05T01:05:26.535+0000] {dag.py:4156} INFO - Setting next_dagrun for WeatherData_ETL to 2026-03-04 02:30:00+00:00, run_after=2026-03-05 02:30:00+00:00
[2026-03-05T01:05:26.541+0000] {processor.py:208} INFO - Processing /opt/airflow/dags/Homework_5.py took 0.051 seconds
[2026-03-05T01:05:56.797+0000] {processor.py:186} INFO - Started process (PID=457) to work on /opt/airflow/dags/Homework_5.py
[2026-03-05T01:05:56.798+0000] {processor.py:914} INFO - Processing file /opt/airflow/dags/Homework_5.py for tasks to queue
[2026-03-05T01:05:56.800+0000] {logging_mixin.py:190} INFO - [2026-03-05T01:05:56.800+0000] {dagbag.py:587} INFO - Filling up the DagBag from /opt/airflow/dags/Homework_5.py
[2026-03-05T01:05:56.820+0000] {processor.py:925} INFO - DAG(s) 'WeatherData_ETL' retrieved from /opt/airflow/dags/Homework_5.py
[2026-03-05T01:05:56.830+0000] {logging_mixin.py:190} INFO - [2026-03-05T01:05:56.830+0000] {dag.py:3229} INFO - Sync 1 DAGs
[2026-03-05T01:05:56.840+0000] {logging_mixin.py:190} INFO - [2026-03-05T01:05:56.840+0000] {dag.py:4156} INFO - Setting next_dagrun for WeatherData_ETL to 2026-03-04 02:30:00+00:00, run_after=2026-03-05 02:30:00+00:00
[2026-03-05T01:05:56.847+0000] {processor.py:208} INFO - Processing /opt/airflow/dags/Homework_5.py took 0.055 seconds
[2026-03-05T01:06:27.116+0000] {processor.py:186} INFO - Started process (PID=468) to work on /opt/airflow/dags/Homework_5.py
[2026-03-05T01:06:27.117+0000] {processor.py:914} INFO - Processing file /opt/airflow/dags/Homework_5.py for tasks to queue
[2026-03-05T01:06:27.119+0000] {logging_mixin.py:190} INFO - [2026-03-05T01:06:27.119+0000] {dagbag.py:587} INFO - Filling up the DagBag from /opt/airflow/dags/Homework_5.py
[2026-03-05T01:06:27.139+0000] {processor.py:925} INFO - DAG(s) 'WeatherData_ETL' retrieved from /opt/airflow/dags/Homework_5.py
[2026-03-05T01:06:27.154+0000] {logging_mixin.py:190} INFO - [2026-03-05T01:06:27.153+0000] {dag.py:3229} INFO - Sync 1 DAGs
[2026-03-05T01:06:27.165+0000] {logging_mixin.py:190} INFO - [2026-03-05T01:06:27.165+0000] {dag.py:4156} INFO - Setting next_dagrun for WeatherData_ETL to 2026-03-04 02:30:00+00:00, run_after=2026-03-05 02:30:00+00:00
[2026-03-05T01:06:27.172+0000] {processor.py:208} INFO - Processing /opt/airflow/dags/Homework_5.py took 0.061 seconds
[2026-03-05T01:06:57.367+0000] {processor.py:186} INFO - Started process (PID=479) to work on /opt/airflow/dags/Homework_5.py
[2026-03-05T01:06:57.368+0000] {processor.py:914} INFO - Processing file /opt/airflow/dags/Homework_5.py for tasks to queue
[2026-03-05T01:06:57.371+0000] {logging_mixin.py:190} INFO - [2026-03-05T01:06:57.370+0000] {dagbag.py:587} INFO - Filling up the DagBag from /opt/airflow/dags/Homework_5.py
[2026-03-05T01:06:57.393+0000] {processor.py:925} INFO - DAG(s) 'WeatherData_ETL' retrieved from /opt/airflow/dags/Homework_5.py
[2026-03-05T01:06:57.404+0000] {logging_mixin.py:190} INFO - [2026-03-05T01:06:57.404+0000] {dag.py:3229} INFO - Sync 1 DAGs
[2026-03-05T01:06:57.417+0000] {logging_mixin.py:190} INFO - [2026-03-05T01:06:57.417+0000] {dag.py:4156} INFO - Setting next_dagrun for WeatherData_ETL to 2026-03-04 02:30:00+00:00, run_after=2026-03-05 02:30:00+00:00
[2026-03-05T01:06:57.426+0000] {processor.py:208} INFO - Processing /opt/airflow/dags/Homework_5.py took 0.069 seconds
[2026-03-05T01:07:27.710+0000] {processor.py:186} INFO - Started process (PID=490) to work on /opt/airflow/dags/Homework_5.py
[2026-03-05T01:07:27.711+0000] {processor.py:914} INFO - Processing file /opt/airflow/dags/Homework_5.py for tasks to queue
[2026-03-05T01:07:27.712+0000] {logging_mixin.py:190} INFO - [2026-03-05T01:07:27.712+0000] {dagbag.py:587} INFO - Filling up the DagBag from /opt/airflow/dags/Homework_5.py
[2026-03-05T01:07:27.729+0000] {processor.py:925} INFO - DAG(s) 'WeatherData_ETL' retrieved from /opt/airflow/dags/Homework_5.py
[2026-03-05T01:07:27.738+0000] {logging_mixin.py:190} INFO - [2026-03-05T01:07:27.738+0000] {dag.py:3229} INFO - Sync 1 DAGs
[2026-03-05T01:07:27.748+0000] {logging_mixin.py:190} INFO - [2026-03-05T01:07:27.748+0000] {dag.py:4156} INFO - Setting next_dagrun for WeatherData_ETL to 2026-03-04 02:30:00+00:00, run_after=2026-03-05 02:30:00+00:00
[2026-03-05T01:07:27.755+0000] {processor.py:208} INFO - Processing /opt/airflow/dags/Homework_5.py took 0.050 seconds
[2026-03-05T01:07:58.011+0000] {processor.py:186} INFO - Started process (PID=501) to work on /opt/airflow/dags/Homework_5.py
[2026-03-05T01:07:58.012+0000] {processor.py:914} INFO - Processing file /opt/airflow/dags/Homework_5.py for tasks to queue
[2026-03-05T01:07:58.015+0000] {logging_mixin.py:190} INFO - [2026-03-05T01:07:58.015+0000] {dagbag.py:587} INFO - Filling up the DagBag from /opt/airflow/dags/Homework_5.py
[2026-03-05T01:07:58.040+0000] {processor.py:925} INFO - DAG(s) 'WeatherData_ETL' retrieved from /opt/airflow/dags/Homework_5.py
[2026-03-05T01:07:58.051+0000] {logging_mixin.py:190} INFO - [2026-03-05T01:07:58.051+0000] {dag.py:3229} INFO - Sync 1 DAGs
[2026-03-05T01:07:58.062+0000] {logging_mixin.py:190} INFO - [2026-03-05T01:07:58.062+0000] {dag.py:4156} INFO - Setting next_dagrun for WeatherData_ETL to 2026-03-04 02:30:00+00:00, run_after=2026-03-05 02:30:00+00:00
[2026-03-05T01:07:58.068+0000] {processor.py:208} INFO - Processing /opt/airflow/dags/Homework_5.py took 0.064 seconds
[2026-03-05T01:08:28.334+0000] {processor.py:186} INFO - Started process (PID=517) to work on /opt/airflow/dags/Homework_5.py
[2026-03-05T01:08:28.335+0000] {processor.py:914} INFO - Processing file /opt/airflow/dags/Homework_5.py for tasks to queue
[2026-03-05T01:08:28.337+0000] {logging_mixin.py:190} INFO - [2026-03-05T01:08:28.337+0000] {dagbag.py:587} INFO - Filling up the DagBag from /opt/airflow/dags/Homework_5.py
[2026-03-05T01:08:28.356+0000] {processor.py:925} INFO - DAG(s) 'WeatherData_ETL' retrieved from /opt/airflow/dags/Homework_5.py
[2026-03-05T01:08:28.366+0000] {logging_mixin.py:190} INFO - [2026-03-05T01:08:28.366+0000] {dag.py:3229} INFO - Sync 1 DAGs
[2026-03-05T01:08:28.379+0000] {logging_mixin.py:190} INFO - [2026-03-05T01:08:28.379+0000] {dag.py:4156} INFO - Setting next_dagrun for WeatherData_ETL to 2026-03-04 02:30:00+00:00, run_after=2026-03-05 02:30:00+00:00
[2026-03-05T01:08:28.385+0000] {processor.py:208} INFO - Processing /opt/airflow/dags/Homework_5.py took 0.057 seconds
[2026-03-05T01:08:36.410+0000] {processor.py:186} INFO - Started process (PID=527) to work on /opt/airflow/dags/Homework_5.py
[2026-03-05T01:08:36.411+0000] {processor.py:914} INFO - Processing file /opt/airflow/dags/Homework_5.py for tasks to queue
[2026-03-05T01:08:36.413+0000] {logging_mixin.py:190} INFO - [2026-03-05T01:08:36.412+0000] {dagbag.py:587} INFO - Filling up the DagBag from /opt/airflow/dags/Homework_5.py
[2026-03-05T01:08:36.433+0000] {processor.py:925} INFO - DAG(s) 'WeatherData_ETL' retrieved from /opt/airflow/dags/Homework_5.py
[2026-03-05T01:08:36.483+0000] {logging_mixin.py:190} INFO - [2026-03-05T01:08:36.483+0000] {dag.py:3229} INFO - Sync 1 DAGs
[2026-03-05T01:08:36.491+0000] {logging_mixin.py:190} INFO - [2026-03-05T01:08:36.491+0000] {dag.py:4156} INFO - Setting next_dagrun for WeatherData_ETL to 2026-03-04 02:30:00+00:00, run_after=2026-03-05 02:30:00+00:00
[2026-03-05T01:08:36.497+0000] {processor.py:208} INFO - Processing /opt/airflow/dags/Homework_5.py took 0.094 seconds
