[2026-02-26T18:03:47.287+0000] {manager.py:486} INFO - Processing files using up to 2 processes at a time 
[2026-02-26T18:03:47.287+0000] {manager.py:487} INFO - Process each file at most once every 30 seconds
[2026-02-26T18:03:47.287+0000] {manager.py:488} INFO - Checking for new files in /opt/airflow/dags every 300 seconds
[2026-02-26T18:03:47.287+0000] {manager.py:832} INFO - Searching for files in /opt/airflow/dags
[2026-02-26T18:03:47.288+0000] {manager.py:835} INFO - There are 0 files in /opt/airflow/dags
[2026-02-26T18:08:47.713+0000] {manager.py:832} INFO - Searching for files in /opt/airflow/dags
[2026-02-26T18:08:47.718+0000] {manager.py:835} INFO - There are 0 files in /opt/airflow/dags
[2026-02-26T18:13:48.319+0000] {manager.py:832} INFO - Searching for files in /opt/airflow/dags
[2026-02-26T18:13:48.320+0000] {manager.py:835} INFO - There are 0 files in /opt/airflow/dags
[2026-03-04T21:15:08.742+0000] {manager.py:486} INFO - Processing files using up to 2 processes at a time 
[2026-03-04T21:15:08.742+0000] {manager.py:487} INFO - Process each file at most once every 30 seconds
[2026-03-04T21:15:08.743+0000] {manager.py:488} INFO - Checking for new files in /opt/airflow/dags every 300 seconds
[2026-03-04T21:15:08.743+0000] {manager.py:832} INFO - Searching for files in /opt/airflow/dags
[2026-03-04T21:15:08.744+0000] {manager.py:835} INFO - There are 0 files in /opt/airflow/dags
[2026-03-04T21:17:11.262+0000] {manager.py:486} INFO - Processing files using up to 2 processes at a time 
[2026-03-04T21:17:11.263+0000] {manager.py:487} INFO - Process each file at most once every 30 seconds
[2026-03-04T21:17:11.263+0000] {manager.py:488} INFO - Checking for new files in /opt/airflow/dags every 300 seconds
[2026-03-04T21:17:11.263+0000] {manager.py:832} INFO - Searching for files in /opt/airflow/dags
[2026-03-04T21:17:11.263+0000] {manager.py:835} INFO - There are 0 files in /opt/airflow/dags
[2026-03-04T21:22:11.683+0000] {manager.py:832} INFO - Searching for files in /opt/airflow/dags
[2026-03-04T21:22:11.729+0000] {manager.py:835} INFO - There are 0 files in /opt/airflow/dags
[2026-03-04T21:27:12.091+0000] {manager.py:832} INFO - Searching for files in /opt/airflow/dags
[2026-03-04T21:27:12.093+0000] {manager.py:835} INFO - There are 0 files in /opt/airflow/dags
[2026-03-04T21:32:12.768+0000] {manager.py:832} INFO - Searching for files in /opt/airflow/dags
[2026-03-04T21:32:12.770+0000] {manager.py:835} INFO - There are 0 files in /opt/airflow/dags
[2026-03-04T21:37:13.534+0000] {manager.py:832} INFO - Searching for files in /opt/airflow/dags
[2026-03-04T21:37:13.544+0000] {manager.py:835} INFO - There are 0 files in /opt/airflow/dags
[2026-03-04T21:42:14.471+0000] {manager.py:832} INFO - Searching for files in /opt/airflow/dags
[2026-03-04T21:42:14.476+0000] {manager.py:835} INFO - There are 0 files in /opt/airflow/dags
[2026-03-04T21:47:15.312+0000] {manager.py:832} INFO - Searching for files in /opt/airflow/dags
[2026-03-04T21:47:15.316+0000] {manager.py:835} INFO - There are 0 files in /opt/airflow/dags
[2026-03-04T21:52:15.976+0000] {manager.py:832} INFO - Searching for files in /opt/airflow/dags
[2026-03-04T21:52:15.979+0000] {manager.py:835} INFO - There are 0 files in /opt/airflow/dags
[2026-03-04T21:57:16.916+0000] {manager.py:832} INFO - Searching for files in /opt/airflow/dags
[2026-03-04T21:57:16.921+0000] {manager.py:835} INFO - There are 0 files in /opt/airflow/dags
[2026-03-04T22:02:17.664+0000] {manager.py:832} INFO - Searching for files in /opt/airflow/dags
[2026-03-04T22:02:17.669+0000] {manager.py:835} INFO - There are 0 files in /opt/airflow/dags
[2026-03-04T22:07:18.499+0000] {manager.py:832} INFO - Searching for files in /opt/airflow/dags
[2026-03-04T22:07:18.505+0000] {manager.py:835} INFO - There are 0 files in /opt/airflow/dags
[2026-03-04T22:12:19.385+0000] {manager.py:832} INFO - Searching for files in /opt/airflow/dags
[2026-03-04T22:12:19.390+0000] {manager.py:835} INFO - There are 0 files in /opt/airflow/dags
[2026-03-04T22:17:19.703+0000] {manager.py:832} INFO - Searching for files in /opt/airflow/dags
[2026-03-04T22:17:19.706+0000] {manager.py:835} INFO - There are 0 files in /opt/airflow/dags
[2026-03-04T22:22:20.399+0000] {manager.py:832} INFO - Searching for files in /opt/airflow/dags
[2026-03-04T22:22:20.402+0000] {manager.py:835} INFO - There are 0 files in /opt/airflow/dags
[2026-03-04T22:27:21.144+0000] {manager.py:832} INFO - Searching for files in /opt/airflow/dags
[2026-03-04T22:27:21.146+0000] {manager.py:835} INFO - There are 0 files in /opt/airflow/dags
[2026-03-04T22:32:21.881+0000] {manager.py:832} INFO - Searching for files in /opt/airflow/dags
[2026-03-04T22:32:21.887+0000] {manager.py:835} INFO - There are 0 files in /opt/airflow/dags
[2026-03-04T22:37:22.625+0000] {manager.py:832} INFO - Searching for files in /opt/airflow/dags
[2026-03-04T22:37:22.632+0000] {manager.py:835} INFO - There are 1 files in /opt/airflow/dags
[2026-03-04T22:37:24.971+0000] {manager.py:1008} INFO - 
================================================================================
DAG File Processing Stats

File Path                        PID    Runtime      # DAGs    # Errors  Last Runtime    Last Run               Last # of DB Queries
-------------------------------  -----  ---------  --------  ----------  --------------  -------------------  ----------------------
/opt/airflow/dags/Homework_5.py                           0           1  0.03s           2026-03-04T22:37:22                       4
================================================================================
[2026-03-04T22:37:55.312+0000] {manager.py:1008} INFO - 
================================================================================
DAG File Processing Stats

File Path                        PID    Runtime      # DAGs    # Errors  Last Runtime    Last Run               Last # of DB Queries
-------------------------------  -----  ---------  --------  ----------  --------------  -------------------  ----------------------
/opt/airflow/dags/Homework_5.py                           0           1  0.05s           2026-03-04T22:37:53                       6
================================================================================
[2026-03-04T22:38:25.643+0000] {manager.py:1008} INFO - 
================================================================================
DAG File Processing Stats

File Path                        PID    Runtime      # DAGs    # Errors  Last Runtime    Last Run               Last # of DB Queries
-------------------------------  -----  ---------  --------  ----------  --------------  -------------------  ----------------------
/opt/airflow/dags/Homework_5.py                           0           1  0.05s           2026-03-04T22:38:23                       6
================================================================================
[2026-03-04T22:38:55.955+0000] {manager.py:1008} INFO - 
================================================================================
DAG File Processing Stats

File Path                        PID    Runtime      # DAGs    # Errors  Last Runtime    Last Run               Last # of DB Queries
-------------------------------  -----  ---------  --------  ----------  --------------  -------------------  ----------------------
/opt/airflow/dags/Homework_5.py                           0           1  0.04s           2026-03-04T22:38:53                       6
================================================================================
[2026-03-04T22:39:26.250+0000] {manager.py:1008} INFO - 
================================================================================
DAG File Processing Stats

File Path                        PID    Runtime      # DAGs    # Errors  Last Runtime    Last Run               Last # of DB Queries
-------------------------------  -----  ---------  --------  ----------  --------------  -------------------  ----------------------
/opt/airflow/dags/Homework_5.py                           0           1  0.03s           2026-03-04T22:39:24                       6
================================================================================
[2026-03-04T22:39:56.640+0000] {manager.py:1008} INFO - 
================================================================================
DAG File Processing Stats

File Path                        PID    Runtime      # DAGs    # Errors  Last Runtime    Last Run               Last # of DB Queries
-------------------------------  -----  ---------  --------  ----------  --------------  -------------------  ----------------------
/opt/airflow/dags/Homework_5.py                           0           1  0.06s           2026-03-04T22:39:54                       6
================================================================================
[2026-03-04T22:40:26.970+0000] {manager.py:1008} INFO - 
================================================================================
DAG File Processing Stats

File Path                        PID    Runtime      # DAGs    # Errors  Last Runtime    Last Run               Last # of DB Queries
-------------------------------  -----  ---------  --------  ----------  --------------  -------------------  ----------------------
/opt/airflow/dags/Homework_5.py                           0           1  0.05s           2026-03-04T22:40:24                       6
================================================================================
[2026-03-04T22:40:57.246+0000] {manager.py:1008} INFO - 
================================================================================
DAG File Processing Stats

File Path                        PID    Runtime      # DAGs    # Errors  Last Runtime    Last Run               Last # of DB Queries
-------------------------------  -----  ---------  --------  ----------  --------------  -------------------  ----------------------
/opt/airflow/dags/Homework_5.py                           0           1  0.03s           2026-03-04T22:40:55                       6
================================================================================
[2026-03-04T22:41:27.479+0000] {manager.py:1008} INFO - 
================================================================================
DAG File Processing Stats

File Path                        PID    Runtime      # DAGs    # Errors  Last Runtime    Last Run               Last # of DB Queries
-------------------------------  -----  ---------  --------  ----------  --------------  -------------------  ----------------------
/opt/airflow/dags/Homework_5.py                           0           1  0.03s           2026-03-04T22:41:25                       6
================================================================================
[2026-03-04T22:41:57.752+0000] {manager.py:1008} INFO - 
================================================================================
DAG File Processing Stats

File Path                        PID    Runtime      # DAGs    # Errors  Last Runtime    Last Run               Last # of DB Queries
-------------------------------  -----  ---------  --------  ----------  --------------  -------------------  ----------------------
/opt/airflow/dags/Homework_5.py                           0           1  0.03s           2026-03-04T22:41:55                       6
================================================================================
[2026-03-04T22:42:23.002+0000] {manager.py:832} INFO - Searching for files in /opt/airflow/dags
[2026-03-04T22:42:23.008+0000] {manager.py:835} INFO - There are 1 files in /opt/airflow/dags
[2026-03-04T22:42:28.085+0000] {manager.py:1008} INFO - 
================================================================================
DAG File Processing Stats

File Path                        PID    Runtime      # DAGs    # Errors  Last Runtime    Last Run               Last # of DB Queries
-------------------------------  -----  ---------  --------  ----------  --------------  -------------------  ----------------------
/opt/airflow/dags/Homework_5.py                           0           1  0.04s           2026-03-04T22:42:26                       6
================================================================================
[2026-03-04T22:42:58.394+0000] {manager.py:1008} INFO - 
================================================================================
DAG File Processing Stats

File Path                        PID    Runtime      # DAGs    # Errors  Last Runtime    Last Run               Last # of DB Queries
-------------------------------  -----  ---------  --------  ----------  --------------  -------------------  ----------------------
/opt/airflow/dags/Homework_5.py                           0           1  0.05s           2026-03-04T22:42:56                       6
================================================================================
[2026-03-04T22:43:28.669+0000] {manager.py:1008} INFO - 
================================================================================
DAG File Processing Stats

File Path                        PID    Runtime      # DAGs    # Errors  Last Runtime    Last Run               Last # of DB Queries
-------------------------------  -----  ---------  --------  ----------  --------------  -------------------  ----------------------
/opt/airflow/dags/Homework_5.py                           0           1  0.04s           2026-03-04T22:43:26                       6
================================================================================
[2026-03-04T22:43:58.975+0000] {manager.py:1008} INFO - 
================================================================================
DAG File Processing Stats

File Path                        PID    Runtime      # DAGs    # Errors  Last Runtime    Last Run               Last # of DB Queries
-------------------------------  -----  ---------  --------  ----------  --------------  -------------------  ----------------------
/opt/airflow/dags/Homework_5.py                           0           1  0.03s           2026-03-04T22:43:56                       6
================================================================================
[2026-03-04T22:44:29.283+0000] {manager.py:1008} INFO - 
================================================================================
DAG File Processing Stats

File Path                        PID    Runtime      # DAGs    # Errors  Last Runtime    Last Run               Last # of DB Queries
-------------------------------  -----  ---------  --------  ----------  --------------  -------------------  ----------------------
/opt/airflow/dags/Homework_5.py                           0           1  0.04s           2026-03-04T22:44:27                       6
================================================================================
[2026-03-04T22:46:15.617+0000] {manager.py:486} INFO - Processing files using up to 2 processes at a time 
[2026-03-04T22:46:15.617+0000] {manager.py:487} INFO - Process each file at most once every 30 seconds
[2026-03-04T22:46:15.617+0000] {manager.py:488} INFO - Checking for new files in /opt/airflow/dags every 300 seconds
[2026-03-04T22:46:15.618+0000] {manager.py:832} INFO - Searching for files in /opt/airflow/dags
[2026-03-04T22:46:15.619+0000] {manager.py:835} INFO - There are 1 files in /opt/airflow/dags
[2026-03-04T22:46:16.545+0000] {manager.py:1008} INFO - 
================================================================================
DAG File Processing Stats

File Path                          PID  Runtime      # DAGs    # Errors  Last Runtime    Last Run      Last # of DB Queries
-------------------------------  -----  ---------  --------  ----------  --------------  ----------  ----------------------
/opt/airflow/dags/Homework_5.py    238  0.01s             0           0                                                   0
================================================================================
[2026-03-04T22:46:46.787+0000] {manager.py:1008} INFO - 
================================================================================
DAG File Processing Stats

File Path                          PID  Runtime      # DAGs    # Errors  Last Runtime    Last Run               Last # of DB Queries
-------------------------------  -----  ---------  --------  ----------  --------------  -------------------  ----------------------
/opt/airflow/dags/Homework_5.py    267  0.01s             0           1  0.03s           2026-03-04T22:46:16                       6
================================================================================
[2026-03-04T22:47:17.027+0000] {manager.py:1008} INFO - 
================================================================================
DAG File Processing Stats

File Path                          PID  Runtime      # DAGs    # Errors  Last Runtime    Last Run               Last # of DB Queries
-------------------------------  -----  ---------  --------  ----------  --------------  -------------------  ----------------------
/opt/airflow/dags/Homework_5.py    278  0.01s             0           1  0.05s           2026-03-04T22:46:46                       6
================================================================================
[2026-03-04T22:47:47.314+0000] {manager.py:1008} INFO - 
================================================================================
DAG File Processing Stats

File Path                          PID  Runtime      # DAGs    # Errors  Last Runtime    Last Run               Last # of DB Queries
-------------------------------  -----  ---------  --------  ----------  --------------  -------------------  ----------------------
/opt/airflow/dags/Homework_5.py    289  0.01s             0           1  0.04s           2026-03-04T22:47:17                       6
================================================================================
[2026-03-04T22:48:17.594+0000] {manager.py:1008} INFO - 
================================================================================
DAG File Processing Stats

File Path                          PID  Runtime      # DAGs    # Errors  Last Runtime    Last Run               Last # of DB Queries
-------------------------------  -----  ---------  --------  ----------  --------------  -------------------  ----------------------
/opt/airflow/dags/Homework_5.py    300  0.01s             0           1  0.05s           2026-03-04T22:47:47                       8
================================================================================
[2026-03-04T22:48:55.285+0000] {manager.py:486} INFO - Processing files using up to 2 processes at a time 
[2026-03-04T22:48:55.285+0000] {manager.py:487} INFO - Process each file at most once every 30 seconds
[2026-03-04T22:48:55.286+0000] {manager.py:488} INFO - Checking for new files in /opt/airflow/dags every 300 seconds
[2026-03-04T22:48:55.286+0000] {manager.py:832} INFO - Searching for files in /opt/airflow/dags
[2026-03-04T22:48:55.287+0000] {manager.py:835} INFO - There are 1 files in /opt/airflow/dags
[2026-03-04T22:48:56.173+0000] {manager.py:1008} INFO - 
================================================================================
DAG File Processing Stats

File Path                          PID  Runtime      # DAGs    # Errors  Last Runtime    Last Run      Last # of DB Queries
-------------------------------  -----  ---------  --------  ----------  --------------  ----------  ----------------------
/opt/airflow/dags/Homework_5.py    245  0.02s             0           0                                                   0
================================================================================
[2026-03-04T22:49:26.423+0000] {manager.py:1008} INFO - 
================================================================================
DAG File Processing Stats

File Path                          PID  Runtime      # DAGs    # Errors  Last Runtime    Last Run               Last # of DB Queries
-------------------------------  -----  ---------  --------  ----------  --------------  -------------------  ----------------------
/opt/airflow/dags/Homework_5.py    274  0.01s             0           1  0.05s           2026-03-04T22:48:56                       8
================================================================================
[2026-03-04T22:49:56.764+0000] {manager.py:1008} INFO - 
================================================================================
DAG File Processing Stats

File Path                          PID  Runtime      # DAGs    # Errors  Last Runtime    Last Run               Last # of DB Queries
-------------------------------  -----  ---------  --------  ----------  --------------  -------------------  ----------------------
/opt/airflow/dags/Homework_5.py    285  0.01s             0           1  0.06s           2026-03-04T22:49:26                       8
================================================================================
[2026-03-04T22:50:27.034+0000] {manager.py:1008} INFO - 
================================================================================
DAG File Processing Stats

File Path                          PID  Runtime      # DAGs    # Errors  Last Runtime    Last Run               Last # of DB Queries
-------------------------------  -----  ---------  --------  ----------  --------------  -------------------  ----------------------
/opt/airflow/dags/Homework_5.py    296  0.01s             0           1  0.04s           2026-03-04T22:49:56                       8
================================================================================
[2026-03-04T22:50:57.315+0000] {manager.py:1008} INFO - 
================================================================================
DAG File Processing Stats

File Path                          PID  Runtime      # DAGs    # Errors  Last Runtime    Last Run               Last # of DB Queries
-------------------------------  -----  ---------  --------  ----------  --------------  -------------------  ----------------------
/opt/airflow/dags/Homework_5.py    307  0.00s             1           0  0.12s           2026-03-04T22:50:27                      48
================================================================================
[2026-03-04T22:51:27.598+0000] {manager.py:1008} INFO - 
================================================================================
DAG File Processing Stats

File Path                          PID  Runtime      # DAGs    # Errors  Last Runtime    Last Run               Last # of DB Queries
-------------------------------  -----  ---------  --------  ----------  --------------  -------------------  ----------------------
/opt/airflow/dags/Homework_5.py    318  0.00s             1           0  0.06s           2026-03-04T22:50:57                      15
================================================================================
[2026-03-04T22:51:57.903+0000] {manager.py:1008} INFO - 
================================================================================
DAG File Processing Stats

File Path                          PID  Runtime      # DAGs    # Errors  Last Runtime    Last Run               Last # of DB Queries
-------------------------------  -----  ---------  --------  ----------  --------------  -------------------  ----------------------
/opt/airflow/dags/Homework_5.py    329  0.01s             1           0  0.06s           2026-03-04T22:51:27                      15
================================================================================
[2026-03-04T22:52:28.222+0000] {manager.py:1008} INFO - 
================================================================================
DAG File Processing Stats

File Path                          PID  Runtime      # DAGs    # Errors  Last Runtime    Last Run               Last # of DB Queries
-------------------------------  -----  ---------  --------  ----------  --------------  -------------------  ----------------------
/opt/airflow/dags/Homework_5.py    340  0.01s             1           0  0.07s           2026-03-04T22:51:57                      15
================================================================================
[2026-03-04T22:52:58.540+0000] {manager.py:1008} INFO - 
================================================================================
DAG File Processing Stats

File Path                          PID  Runtime      # DAGs    # Errors  Last Runtime    Last Run               Last # of DB Queries
-------------------------------  -----  ---------  --------  ----------  --------------  -------------------  ----------------------
/opt/airflow/dags/Homework_5.py    351  0.01s             1           0  0.07s           2026-03-04T22:52:28                      15
================================================================================
[2026-03-04T22:53:28.872+0000] {manager.py:1008} INFO - 
================================================================================
DAG File Processing Stats

File Path                          PID  Runtime      # DAGs    # Errors  Last Runtime    Last Run               Last # of DB Queries
-------------------------------  -----  ---------  --------  ----------  --------------  -------------------  ----------------------
/opt/airflow/dags/Homework_5.py    362  0.00s             1           0  0.07s           2026-03-04T22:52:58                      15
================================================================================
[2026-03-04T22:53:56.155+0000] {manager.py:832} INFO - Searching for files in /opt/airflow/dags
[2026-03-04T22:53:56.161+0000] {manager.py:835} INFO - There are 1 files in /opt/airflow/dags
[2026-03-04T22:53:59.216+0000] {manager.py:1008} INFO - 
================================================================================
DAG File Processing Stats

File Path                          PID  Runtime      # DAGs    # Errors  Last Runtime    Last Run               Last # of DB Queries
-------------------------------  -----  ---------  --------  ----------  --------------  -------------------  ----------------------
/opt/airflow/dags/Homework_5.py    373  0.01s             1           0  0.05s           2026-03-04T22:53:28                      15
================================================================================
[2026-03-04T22:54:29.541+0000] {manager.py:1008} INFO - 
================================================================================
DAG File Processing Stats

File Path                          PID  Runtime      # DAGs    # Errors  Last Runtime    Last Run               Last # of DB Queries
-------------------------------  -----  ---------  --------  ----------  --------------  -------------------  ----------------------
/opt/airflow/dags/Homework_5.py    384  0.01s             1           0  0.07s           2026-03-04T22:53:59                      15
================================================================================
[2026-03-04T22:54:59.824+0000] {manager.py:1008} INFO - 
================================================================================
DAG File Processing Stats

File Path                          PID  Runtime      # DAGs    # Errors  Last Runtime    Last Run               Last # of DB Queries
-------------------------------  -----  ---------  --------  ----------  --------------  -------------------  ----------------------
/opt/airflow/dags/Homework_5.py    395  0.01s             1           0  0.07s           2026-03-04T22:54:29                      15
================================================================================
[2026-03-04T22:55:30.171+0000] {manager.py:1008} INFO - 
================================================================================
DAG File Processing Stats

File Path                          PID  Runtime      # DAGs    # Errors  Last Runtime    Last Run               Last # of DB Queries
-------------------------------  -----  ---------  --------  ----------  --------------  -------------------  ----------------------
/opt/airflow/dags/Homework_5.py    406  0.01s             1           0  0.07s           2026-03-04T22:54:59                      15
================================================================================
[2026-03-04T22:56:00.493+0000] {manager.py:1008} INFO - 
================================================================================
DAG File Processing Stats

File Path                          PID  Runtime      # DAGs    # Errors  Last Runtime    Last Run               Last # of DB Queries
-------------------------------  -----  ---------  --------  ----------  --------------  -------------------  ----------------------
/opt/airflow/dags/Homework_5.py    417  0.01s             1           0  0.07s           2026-03-04T22:55:30                      15
================================================================================
[2026-03-04T22:56:30.813+0000] {manager.py:1008} INFO - 
================================================================================
DAG File Processing Stats

File Path                          PID  Runtime      # DAGs    # Errors  Last Runtime    Last Run               Last # of DB Queries
-------------------------------  -----  ---------  --------  ----------  --------------  -------------------  ----------------------
/opt/airflow/dags/Homework_5.py    428  0.01s             1           0  0.07s           2026-03-04T22:56:00                      15
================================================================================
[2026-03-04T22:57:01.185+0000] {manager.py:1008} INFO - 
================================================================================
DAG File Processing Stats

File Path                          PID  Runtime      # DAGs    # Errors  Last Runtime    Last Run               Last # of DB Queries
-------------------------------  -----  ---------  --------  ----------  --------------  -------------------  ----------------------
/opt/airflow/dags/Homework_5.py    439  0.01s             1           0  0.07s           2026-03-04T22:56:30                      15
================================================================================
[2026-03-04T22:57:31.476+0000] {manager.py:1008} INFO - 
================================================================================
DAG File Processing Stats

File Path                          PID  Runtime      # DAGs    # Errors  Last Runtime    Last Run               Last # of DB Queries
-------------------------------  -----  ---------  --------  ----------  --------------  -------------------  ----------------------
/opt/airflow/dags/Homework_5.py    450  0.01s             1           0  0.09s           2026-03-04T22:57:01                      15
================================================================================
[2026-03-04T22:58:01.814+0000] {manager.py:1008} INFO - 
================================================================================
DAG File Processing Stats

File Path                          PID  Runtime      # DAGs    # Errors  Last Runtime    Last Run               Last # of DB Queries
-------------------------------  -----  ---------  --------  ----------  --------------  -------------------  ----------------------
/opt/airflow/dags/Homework_5.py    461  0.01s             1           0  0.07s           2026-03-04T22:57:31                      15
================================================================================
[2026-03-04T22:58:32.216+0000] {manager.py:1008} INFO - 
================================================================================
DAG File Processing Stats

File Path                          PID  Runtime      # DAGs    # Errors  Last Runtime    Last Run               Last # of DB Queries
-------------------------------  -----  ---------  --------  ----------  --------------  -------------------  ----------------------
/opt/airflow/dags/Homework_5.py    472  0.01s             1           0  0.06s           2026-03-04T22:58:01                      15
================================================================================
[2026-03-04T22:58:56.506+0000] {manager.py:832} INFO - Searching for files in /opt/airflow/dags
[2026-03-04T22:58:56.511+0000] {manager.py:835} INFO - There are 1 files in /opt/airflow/dags
[2026-03-04T22:59:02.613+0000] {manager.py:1008} INFO - 
================================================================================
DAG File Processing Stats

File Path                          PID  Runtime      # DAGs    # Errors  Last Runtime    Last Run               Last # of DB Queries
-------------------------------  -----  ---------  --------  ----------  --------------  -------------------  ----------------------
/opt/airflow/dags/Homework_5.py    483  0.01s             1           0  0.07s           2026-03-04T22:58:32                      15
================================================================================
[2026-03-04T22:59:33.018+0000] {manager.py:1008} INFO - 
================================================================================
DAG File Processing Stats

File Path                          PID  Runtime      # DAGs    # Errors  Last Runtime    Last Run               Last # of DB Queries
-------------------------------  -----  ---------  --------  ----------  --------------  -------------------  ----------------------
/opt/airflow/dags/Homework_5.py    494  0.01s             1           0  0.07s           2026-03-04T22:59:02                      15
================================================================================
[2026-03-04T23:00:03.382+0000] {manager.py:1008} INFO - 
================================================================================
DAG File Processing Stats

File Path                          PID  Runtime      # DAGs    # Errors  Last Runtime    Last Run               Last # of DB Queries
-------------------------------  -----  ---------  --------  ----------  --------------  -------------------  ----------------------
/opt/airflow/dags/Homework_5.py    505  0.01s             1           0  0.06s           2026-03-04T22:59:33                      15
================================================================================
[2026-03-04T23:00:33.760+0000] {manager.py:1008} INFO - 
================================================================================
DAG File Processing Stats

File Path                          PID  Runtime      # DAGs    # Errors  Last Runtime    Last Run               Last # of DB Queries
-------------------------------  -----  ---------  --------  ----------  --------------  -------------------  ----------------------
/opt/airflow/dags/Homework_5.py    516  0.01s             1           0  0.07s           2026-03-04T23:00:03                      15
================================================================================
[2026-03-04T23:01:04.096+0000] {manager.py:1008} INFO - 
================================================================================
DAG File Processing Stats

File Path                          PID  Runtime      # DAGs    # Errors  Last Runtime    Last Run               Last # of DB Queries
-------------------------------  -----  ---------  --------  ----------  --------------  -------------------  ----------------------
/opt/airflow/dags/Homework_5.py    527  0.01s             1           0  0.07s           2026-03-04T23:00:33                      15
================================================================================
[2026-03-04T23:01:34.384+0000] {manager.py:1008} INFO - 
================================================================================
DAG File Processing Stats

File Path                          PID  Runtime      # DAGs    # Errors  Last Runtime    Last Run               Last # of DB Queries
-------------------------------  -----  ---------  --------  ----------  --------------  -------------------  ----------------------
/opt/airflow/dags/Homework_5.py    538  0.01s             1           0  0.06s           2026-03-04T23:01:04                      15
================================================================================
[2026-03-04T23:02:04.710+0000] {manager.py:1008} INFO - 
================================================================================
DAG File Processing Stats

File Path                          PID  Runtime      # DAGs    # Errors  Last Runtime    Last Run               Last # of DB Queries
-------------------------------  -----  ---------  --------  ----------  --------------  -------------------  ----------------------
/opt/airflow/dags/Homework_5.py    549  0.01s             1           0  0.07s           2026-03-04T23:01:34                      15
================================================================================
[2026-03-04T23:02:35.041+0000] {manager.py:1008} INFO - 
================================================================================
DAG File Processing Stats

File Path                          PID  Runtime      # DAGs    # Errors  Last Runtime    Last Run               Last # of DB Queries
-------------------------------  -----  ---------  --------  ----------  --------------  -------------------  ----------------------
/opt/airflow/dags/Homework_5.py    560  0.01s             1           0  0.09s           2026-03-04T23:02:04                      15
================================================================================
[2026-03-04T23:03:05.340+0000] {manager.py:1008} INFO - 
================================================================================
DAG File Processing Stats

File Path                          PID  Runtime      # DAGs    # Errors  Last Runtime    Last Run               Last # of DB Queries
-------------------------------  -----  ---------  --------  ----------  --------------  -------------------  ----------------------
/opt/airflow/dags/Homework_5.py    571  0.01s             1           0  0.07s           2026-03-04T23:02:35                      15
================================================================================
[2026-03-04T23:03:35.654+0000] {manager.py:1008} INFO - 
================================================================================
DAG File Processing Stats

File Path                          PID  Runtime      # DAGs    # Errors  Last Runtime    Last Run               Last # of DB Queries
-------------------------------  -----  ---------  --------  ----------  --------------  -------------------  ----------------------
/opt/airflow/dags/Homework_5.py    582  0.01s             1           0  0.08s           2026-03-04T23:03:05                      15
================================================================================
[2026-03-04T23:03:56.860+0000] {manager.py:832} INFO - Searching for files in /opt/airflow/dags
[2026-03-04T23:03:56.866+0000] {manager.py:835} INFO - There are 1 files in /opt/airflow/dags
[2026-03-04T23:04:05.951+0000] {manager.py:1008} INFO - 
================================================================================
DAG File Processing Stats

File Path                          PID  Runtime      # DAGs    # Errors  Last Runtime    Last Run               Last # of DB Queries
-------------------------------  -----  ---------  --------  ----------  --------------  -------------------  ----------------------
/opt/airflow/dags/Homework_5.py    593  0.01s             1           0  0.07s           2026-03-04T23:03:35                      15
================================================================================
[2026-03-04T23:04:36.255+0000] {manager.py:1008} INFO - 
================================================================================
DAG File Processing Stats

File Path                          PID  Runtime      # DAGs    # Errors  Last Runtime    Last Run               Last # of DB Queries
-------------------------------  -----  ---------  --------  ----------  --------------  -------------------  ----------------------
/opt/airflow/dags/Homework_5.py    604  0.01s             1           0  0.06s           2026-03-04T23:04:06                      15
================================================================================
[2026-03-04T23:05:06.597+0000] {manager.py:1008} INFO - 
================================================================================
DAG File Processing Stats

File Path                          PID  Runtime      # DAGs    # Errors  Last Runtime    Last Run               Last # of DB Queries
-------------------------------  -----  ---------  --------  ----------  --------------  -------------------  ----------------------
/opt/airflow/dags/Homework_5.py    615  0.01s             1           0  0.06s           2026-03-04T23:04:36                      15
================================================================================
[2026-03-04T23:05:36.896+0000] {manager.py:1008} INFO - 
================================================================================
DAG File Processing Stats

File Path                          PID  Runtime      # DAGs    # Errors  Last Runtime    Last Run               Last # of DB Queries
-------------------------------  -----  ---------  --------  ----------  --------------  -------------------  ----------------------
/opt/airflow/dags/Homework_5.py    632  0.01s             1           0  0.07s           2026-03-04T23:05:06                      15
================================================================================
[2026-03-04T23:06:07.226+0000] {manager.py:1008} INFO - 
================================================================================
DAG File Processing Stats

File Path                          PID  Runtime      # DAGs    # Errors  Last Runtime    Last Run               Last # of DB Queries
-------------------------------  -----  ---------  --------  ----------  --------------  -------------------  ----------------------
/opt/airflow/dags/Homework_5.py    643  0.01s             1           0  0.08s           2026-03-04T23:05:36                      15
================================================================================
[2026-03-04T23:06:37.536+0000] {manager.py:1008} INFO - 
================================================================================
DAG File Processing Stats

File Path                          PID  Runtime      # DAGs    # Errors  Last Runtime    Last Run               Last # of DB Queries
-------------------------------  -----  ---------  --------  ----------  --------------  -------------------  ----------------------
/opt/airflow/dags/Homework_5.py    656  0.00s             1           0  0.07s           2026-03-04T23:06:07                      15
================================================================================
[2026-03-04T23:07:07.817+0000] {manager.py:1008} INFO - 
================================================================================
DAG File Processing Stats

File Path                          PID  Runtime      # DAGs    # Errors  Last Runtime    Last Run               Last # of DB Queries
-------------------------------  -----  ---------  --------  ----------  --------------  -------------------  ----------------------
/opt/airflow/dags/Homework_5.py    695  0.01s             1           0  0.06s           2026-03-04T23:06:37                      15
================================================================================
[2026-03-04T23:07:38.140+0000] {manager.py:1008} INFO - 
================================================================================
DAG File Processing Stats

File Path                          PID  Runtime      # DAGs    # Errors  Last Runtime    Last Run               Last # of DB Queries
-------------------------------  -----  ---------  --------  ----------  --------------  -------------------  ----------------------
/opt/airflow/dags/Homework_5.py    706  0.01s             1           0  0.06s           2026-03-04T23:07:07                      15
================================================================================
[2026-03-04T23:08:08.483+0000] {manager.py:1008} INFO - 
================================================================================
DAG File Processing Stats

File Path                          PID  Runtime      # DAGs    # Errors  Last Runtime    Last Run               Last # of DB Queries
-------------------------------  -----  ---------  --------  ----------  --------------  -------------------  ----------------------
/opt/airflow/dags/Homework_5.py    717  0.01s             1           0  0.07s           2026-03-04T23:07:38                      15
================================================================================
[2026-03-04T23:08:38.800+0000] {manager.py:1008} INFO - 
================================================================================
DAG File Processing Stats

File Path                          PID  Runtime      # DAGs    # Errors  Last Runtime    Last Run               Last # of DB Queries
-------------------------------  -----  ---------  --------  ----------  --------------  -------------------  ----------------------
/opt/airflow/dags/Homework_5.py    728  0.01s             1           0  0.07s           2026-03-04T23:08:08                      15
================================================================================
[2026-03-04T23:08:56.985+0000] {manager.py:832} INFO - Searching for files in /opt/airflow/dags
[2026-03-04T23:08:56.990+0000] {manager.py:835} INFO - There are 1 files in /opt/airflow/dags
[2026-03-04T23:09:09.127+0000] {manager.py:1008} INFO - 
================================================================================
DAG File Processing Stats

File Path                          PID  Runtime      # DAGs    # Errors  Last Runtime    Last Run               Last # of DB Queries
-------------------------------  -----  ---------  --------  ----------  --------------  -------------------  ----------------------
/opt/airflow/dags/Homework_5.py    739  0.01s             1           0  0.08s           2026-03-04T23:08:38                      15
================================================================================
[2026-03-04T23:09:39.436+0000] {manager.py:1008} INFO - 
================================================================================
DAG File Processing Stats

File Path                          PID  Runtime      # DAGs    # Errors  Last Runtime    Last Run               Last # of DB Queries
-------------------------------  -----  ---------  --------  ----------  --------------  -------------------  ----------------------
/opt/airflow/dags/Homework_5.py    750  0.01s             1           0  0.07s           2026-03-04T23:09:09                      15
================================================================================
[2026-03-04T23:10:09.775+0000] {manager.py:1008} INFO - 
================================================================================
DAG File Processing Stats

File Path                          PID  Runtime      # DAGs    # Errors  Last Runtime    Last Run               Last # of DB Queries
-------------------------------  -----  ---------  --------  ----------  --------------  -------------------  ----------------------
/opt/airflow/dags/Homework_5.py    761  0.00s             1           0  0.07s           2026-03-04T23:09:39                      15
================================================================================
[2026-03-04T23:10:40.170+0000] {manager.py:1008} INFO - 
================================================================================
DAG File Processing Stats

File Path                          PID  Runtime      # DAGs    # Errors  Last Runtime    Last Run               Last # of DB Queries
-------------------------------  -----  ---------  --------  ----------  --------------  -------------------  ----------------------
/opt/airflow/dags/Homework_5.py    772  0.01s             1           0  0.07s           2026-03-04T23:10:09                      15
================================================================================
[2026-03-04T23:16:31.176+0000] {manager.py:832} INFO - Searching for files in /opt/airflow/dags
[2026-03-04T23:16:31.181+0000] {manager.py:835} INFO - There are 1 files in /opt/airflow/dags
[2026-03-04T23:16:37.283+0000] {manager.py:1008} INFO - 
================================================================================
DAG File Processing Stats

File Path                        PID    Runtime      # DAGs    # Errors  Last Runtime    Last Run               Last # of DB Queries
-------------------------------  -----  ---------  --------  ----------  --------------  -------------------  ----------------------
/opt/airflow/dags/Homework_5.py                           1           0  0.06s           2026-03-04T23:16:31                      15
================================================================================
[2026-03-04T23:17:16.540+0000] {manager.py:1008} INFO - 
================================================================================
DAG File Processing Stats

File Path                        PID    Runtime      # DAGs    # Errors  Last Runtime    Last Run               Last # of DB Queries
-------------------------------  -----  ---------  --------  ----------  --------------  -------------------  ----------------------
/opt/airflow/dags/Homework_5.py                           1           0  0.07s           2026-03-04T23:17:10                      15
================================================================================
[2026-03-04T23:17:46.934+0000] {manager.py:1008} INFO - 
================================================================================
DAG File Processing Stats

File Path                        PID    Runtime      # DAGs    # Errors  Last Runtime    Last Run               Last # of DB Queries
-------------------------------  -----  ---------  --------  ----------  --------------  -------------------  ----------------------
/opt/airflow/dags/Homework_5.py                           1           0  0.07s           2026-03-04T23:17:40                      15
================================================================================
[2026-03-04T23:24:37.802+0000] {manager.py:832} INFO - Searching for files in /opt/airflow/dags
[2026-03-04T23:24:37.805+0000] {manager.py:835} INFO - There are 1 files in /opt/airflow/dags
[2026-03-04T23:24:44.886+0000] {manager.py:1008} INFO - 
================================================================================
DAG File Processing Stats

File Path                        PID    Runtime      # DAGs    # Errors  Last Runtime    Last Run               Last # of DB Queries
-------------------------------  -----  ---------  --------  ----------  --------------  -------------------  ----------------------
/opt/airflow/dags/Homework_5.py                           1           0  0.05s           2026-03-04T23:24:37                      15
================================================================================
[2026-03-04T23:25:15.242+0000] {manager.py:1008} INFO - 
================================================================================
DAG File Processing Stats

File Path                        PID    Runtime      # DAGs    # Errors  Last Runtime    Last Run               Last # of DB Queries
-------------------------------  -----  ---------  --------  ----------  --------------  -------------------  ----------------------
/opt/airflow/dags/Homework_5.py                           1           0  0.06s           2026-03-04T23:25:08                      15
================================================================================
[2026-03-04T23:27:46.584+0000] {manager.py:1008} INFO - 
================================================================================
DAG File Processing Stats

File Path                        PID    Runtime      # DAGs    # Errors  Last Runtime    Last Run               Last # of DB Queries
-------------------------------  -----  ---------  --------  ----------  --------------  -------------------  ----------------------
/opt/airflow/dags/Homework_5.py                           1           0  0.07s           2026-03-04T23:27:38                      15
================================================================================
[2026-03-04T23:28:16.956+0000] {manager.py:1008} INFO - 
================================================================================
DAG File Processing Stats

File Path                        PID    Runtime      # DAGs    # Errors  Last Runtime    Last Run               Last # of DB Queries
-------------------------------  -----  ---------  --------  ----------  --------------  -------------------  ----------------------
/opt/airflow/dags/Homework_5.py                           1           0  0.07s           2026-03-04T23:28:08                      15
================================================================================
[2026-03-04T23:34:26.829+0000] {manager.py:832} INFO - Searching for files in /opt/airflow/dags
[2026-03-04T23:34:26.834+0000] {manager.py:835} INFO - There are 1 files in /opt/airflow/dags
[2026-03-04T23:34:34.962+0000] {manager.py:1008} INFO - 
================================================================================
DAG File Processing Stats

File Path                        PID    Runtime      # DAGs    # Errors  Last Runtime    Last Run               Last # of DB Queries
-------------------------------  -----  ---------  --------  ----------  --------------  -------------------  ----------------------
/opt/airflow/dags/Homework_5.py                           1           0  0.06s           2026-03-04T23:34:26                      15
================================================================================
[2026-03-04T23:35:07.680+0000] {manager.py:1008} INFO - 
================================================================================
DAG File Processing Stats

File Path                        PID    Runtime      # DAGs    # Errors  Last Runtime    Last Run               Last # of DB Queries
-------------------------------  -----  ---------  --------  ----------  --------------  -------------------  ----------------------
/opt/airflow/dags/Homework_5.py                           1           0  0.11s           2026-03-04T23:34:59                      15
================================================================================
[2026-03-04T23:39:10.813+0000] {manager.py:1008} INFO - 
================================================================================
DAG File Processing Stats

File Path                        PID    Runtime      # DAGs    # Errors  Last Runtime    Last Run               Last # of DB Queries
-------------------------------  -----  ---------  --------  ----------  --------------  -------------------  ----------------------
/opt/airflow/dags/Homework_5.py                           1           0  0.06s           2026-03-04T23:39:02                      15
================================================================================
[2026-03-04T23:39:26.975+0000] {manager.py:832} INFO - Searching for files in /opt/airflow/dags
[2026-03-04T23:39:26.979+0000] {manager.py:835} INFO - There are 1 files in /opt/airflow/dags
[2026-03-04T23:39:41.152+0000] {manager.py:1008} INFO - 
================================================================================
DAG File Processing Stats

File Path                        PID    Runtime      # DAGs    # Errors  Last Runtime    Last Run               Last # of DB Queries
-------------------------------  -----  ---------  --------  ----------  --------------  -------------------  ----------------------
/opt/airflow/dags/Homework_5.py                           1           0  0.07s           2026-03-04T23:39:33                      15
================================================================================
[2026-03-04T23:41:23.565+0000] {manager.py:1008} INFO - 
================================================================================
DAG File Processing Stats

File Path                        PID    Runtime      # DAGs    # Errors  Last Runtime    Last Run               Last # of DB Queries
-------------------------------  -----  ---------  --------  ----------  --------------  -------------------  ----------------------
/opt/airflow/dags/Homework_5.py                           1           0  0.07s           2026-03-04T23:41:14                      15
================================================================================
[2026-03-04T23:57:12.602+0000] {manager.py:832} INFO - Searching for files in /opt/airflow/dags
[2026-03-04T23:57:12.605+0000] {manager.py:835} INFO - There are 1 files in /opt/airflow/dags
[2026-03-04T23:57:21.712+0000] {manager.py:1008} INFO - 
================================================================================
DAG File Processing Stats

File Path                        PID    Runtime      # DAGs    # Errors  Last Runtime    Last Run               Last # of DB Queries
-------------------------------  -----  ---------  --------  ----------  --------------  -------------------  ----------------------
/opt/airflow/dags/Homework_5.py                           1           0  0.05s           2026-03-04T23:57:12                      15
================================================================================
[2026-03-04T23:57:52.038+0000] {manager.py:1008} INFO - 
================================================================================
DAG File Processing Stats

File Path                        PID    Runtime      # DAGs    # Errors  Last Runtime    Last Run               Last # of DB Queries
-------------------------------  -----  ---------  --------  ----------  --------------  -------------------  ----------------------
/opt/airflow/dags/Homework_5.py                           1           0  0.06s           2026-03-04T23:57:42                      15
================================================================================
[2026-03-04T23:58:24.549+0000] {manager.py:1008} INFO - 
================================================================================
DAG File Processing Stats

File Path                        PID    Runtime      # DAGs    # Errors  Last Runtime    Last Run               Last # of DB Queries
-------------------------------  -----  ---------  --------  ----------  --------------  -------------------  ----------------------
/opt/airflow/dags/Homework_5.py                           1           0  0.07s           2026-03-04T23:58:14                      15
================================================================================
[2026-03-04T23:58:54.883+0000] {manager.py:1008} INFO - 
================================================================================
DAG File Processing Stats

File Path                        PID    Runtime      # DAGs    # Errors  Last Runtime    Last Run               Last # of DB Queries
-------------------------------  -----  ---------  --------  ----------  --------------  -------------------  ----------------------
/opt/airflow/dags/Homework_5.py                           1           0  0.07s           2026-03-04T23:58:44                      15
================================================================================
[2026-03-05T00:09:34.186+0000] {manager.py:832} INFO - Searching for files in /opt/airflow/dags
[2026-03-05T00:09:34.190+0000] {manager.py:835} INFO - There are 1 files in /opt/airflow/dags
[2026-03-05T00:09:44.314+0000] {manager.py:1008} INFO - 
================================================================================
DAG File Processing Stats

File Path                        PID    Runtime      # DAGs    # Errors  Last Runtime    Last Run               Last # of DB Queries
-------------------------------  -----  ---------  --------  ----------  --------------  -------------------  ----------------------
/opt/airflow/dags/Homework_5.py                           1           0  0.05s           2026-03-05T00:09:34                      15
================================================================================
[2026-03-05T00:10:25.200+0000] {manager.py:1008} INFO - 
================================================================================
DAG File Processing Stats

File Path                        PID    Runtime      # DAGs    # Errors  Last Runtime    Last Run               Last # of DB Queries
-------------------------------  -----  ---------  --------  ----------  --------------  -------------------  ----------------------
/opt/airflow/dags/Homework_5.py                           1           0  0.07s           2026-03-05T00:10:14                      15
================================================================================
[2026-03-05T00:10:55.555+0000] {manager.py:1008} INFO - 
================================================================================
DAG File Processing Stats

File Path                        PID    Runtime      # DAGs    # Errors  Last Runtime    Last Run               Last # of DB Queries
-------------------------------  -----  ---------  --------  ----------  --------------  -------------------  ----------------------
/opt/airflow/dags/Homework_5.py                           1           0  0.07s           2026-03-05T00:10:44                      15
================================================================================
[2026-03-05T00:17:09.769+0000] {manager.py:832} INFO - Searching for files in /opt/airflow/dags
[2026-03-05T00:17:09.772+0000] {manager.py:835} INFO - There are 1 files in /opt/airflow/dags
[2026-03-05T00:17:20.923+0000] {manager.py:1008} INFO - 
================================================================================
DAG File Processing Stats

File Path                        PID    Runtime      # DAGs    # Errors  Last Runtime    Last Run               Last # of DB Queries
-------------------------------  -----  ---------  --------  ----------  --------------  -------------------  ----------------------
/opt/airflow/dags/Homework_5.py                           1           0  0.06s           2026-03-05T00:17:09                      15
================================================================================
[2026-03-05T00:23:03.127+0000] {manager.py:832} INFO - Searching for files in /opt/airflow/dags
[2026-03-05T00:23:03.131+0000] {manager.py:835} INFO - There are 1 files in /opt/airflow/dags
[2026-03-05T00:23:15.293+0000] {manager.py:1008} INFO - 
================================================================================
DAG File Processing Stats

File Path                        PID    Runtime      # DAGs    # Errors  Last Runtime    Last Run               Last # of DB Queries
-------------------------------  -----  ---------  --------  ----------  --------------  -------------------  ----------------------
/opt/airflow/dags/Homework_5.py                           1           0  0.06s           2026-03-05T00:23:03                      15
================================================================================
[2026-03-05T00:23:45.684+0000] {manager.py:1008} INFO - 
================================================================================
DAG File Processing Stats

File Path                        PID    Runtime      # DAGs    # Errors  Last Runtime    Last Run               Last # of DB Queries
-------------------------------  -----  ---------  --------  ----------  --------------  -------------------  ----------------------
/opt/airflow/dags/Homework_5.py                           1           0  0.07s           2026-03-05T00:23:33                      15
================================================================================
[2026-03-05T00:24:22.260+0000] {manager.py:1008} INFO - 
================================================================================
DAG File Processing Stats

File Path                        PID    Runtime      # DAGs    # Errors  Last Runtime    Last Run               Last # of DB Queries
-------------------------------  -----  ---------  --------  ----------  --------------  -------------------  ----------------------
/opt/airflow/dags/Homework_5.py                           1           0  0.07s           2026-03-05T00:24:10                      15
================================================================================
[2026-03-05T00:31:11.304+0000] {manager.py:832} INFO - Searching for files in /opt/airflow/dags
[2026-03-05T00:31:11.308+0000] {manager.py:835} INFO - There are 1 files in /opt/airflow/dags
[2026-03-05T00:31:24.472+0000] {manager.py:1008} INFO - 
================================================================================
DAG File Processing Stats

File Path                        PID    Runtime      # DAGs    # Errors  Last Runtime    Last Run               Last # of DB Queries
-------------------------------  -----  ---------  --------  ----------  --------------  -------------------  ----------------------
/opt/airflow/dags/Homework_5.py                           1           0  0.07s           2026-03-05T00:31:11                      15
================================================================================
[2026-03-05T00:31:54.878+0000] {manager.py:1008} INFO - 
================================================================================
DAG File Processing Stats

File Path                        PID    Runtime      # DAGs    # Errors  Last Runtime    Last Run               Last # of DB Queries
-------------------------------  -----  ---------  --------  ----------  --------------  -------------------  ----------------------
/opt/airflow/dags/Homework_5.py                           1           0  0.07s           2026-03-05T00:31:41                      15
================================================================================
[2026-03-05T00:33:46.355+0000] {manager.py:1008} INFO - 
================================================================================
DAG File Processing Stats

File Path                        PID    Runtime      # DAGs    # Errors  Last Runtime    Last Run               Last # of DB Queries
-------------------------------  -----  ---------  --------  ----------  --------------  -------------------  ----------------------
/opt/airflow/dags/Homework_5.py                           1           0  0.06s           2026-03-05T00:33:32                      15
================================================================================
[2026-03-05T00:34:57.183+0000] {manager.py:1008} INFO - 
================================================================================
DAG File Processing Stats

File Path                        PID    Runtime      # DAGs    # Errors  Last Runtime    Last Run               Last # of DB Queries
-------------------------------  -----  ---------  --------  ----------  --------------  -------------------  ----------------------
/opt/airflow/dags/Homework_5.py                           1           0  0.07s           2026-03-05T00:34:43                      15
================================================================================
[2026-03-05T00:35:27.626+0000] {manager.py:1008} INFO - 
================================================================================
DAG File Processing Stats

File Path                        PID    Runtime      # DAGs    # Errors  Last Runtime    Last Run               Last # of DB Queries
-------------------------------  -----  ---------  --------  ----------  --------------  -------------------  ----------------------
/opt/airflow/dags/Homework_5.py                           1           0  0.07s           2026-03-05T00:35:13                      15
================================================================================
[2026-03-05T00:38:17.605+0000] {manager.py:832} INFO - Searching for files in /opt/airflow/dags
[2026-03-05T00:38:17.610+0000] {manager.py:835} INFO - There are 1 files in /opt/airflow/dags
[2026-03-05T00:38:32.823+0000] {manager.py:1008} INFO - 
================================================================================
DAG File Processing Stats

File Path                        PID    Runtime      # DAGs    # Errors  Last Runtime    Last Run               Last # of DB Queries
-------------------------------  -----  ---------  --------  ----------  --------------  -------------------  ----------------------
/opt/airflow/dags/Homework_5.py                           1           0  0.06s           2026-03-05T00:38:17                      15
================================================================================
[2026-03-05T00:39:03.151+0000] {manager.py:1008} INFO - 
================================================================================
DAG File Processing Stats

File Path                        PID    Runtime      # DAGs    # Errors  Last Runtime    Last Run               Last # of DB Queries
-------------------------------  -----  ---------  --------  ----------  --------------  -------------------  ----------------------
/opt/airflow/dags/Homework_5.py                           1           0  0.07s           2026-03-05T00:38:48                      15
================================================================================
[2026-03-05T00:39:44.185+0000] {manager.py:1008} INFO - 
================================================================================
DAG File Processing Stats

File Path                        PID    Runtime      # DAGs    # Errors  Last Runtime    Last Run               Last # of DB Queries
-------------------------------  -----  ---------  --------  ----------  --------------  -------------------  ----------------------
/opt/airflow/dags/Homework_5.py                           1           0  0.07s           2026-03-05T00:39:29                      15
================================================================================
[2026-03-05T00:40:14.510+0000] {manager.py:1008} INFO - 
================================================================================
DAG File Processing Stats

File Path                        PID    Runtime      # DAGs    # Errors  Last Runtime    Last Run               Last # of DB Queries
-------------------------------  -----  ---------  --------  ----------  --------------  -------------------  ----------------------
/opt/airflow/dags/Homework_5.py                           1           0  0.09s           2026-03-05T00:39:59                      15
================================================================================
[2026-03-05T00:40:44.808+0000] {manager.py:1008} INFO - 
================================================================================
DAG File Processing Stats

File Path                        PID    Runtime      # DAGs    # Errors  Last Runtime    Last Run               Last # of DB Queries
-------------------------------  -----  ---------  --------  ----------  --------------  -------------------  ----------------------
/opt/airflow/dags/Homework_5.py                           1           0  0.08s           2026-03-05T00:40:29                      15
================================================================================
[2026-03-05T00:41:15.106+0000] {manager.py:1008} INFO - 
================================================================================
DAG File Processing Stats

File Path                        PID    Runtime      # DAGs    # Errors  Last Runtime    Last Run               Last # of DB Queries
-------------------------------  -----  ---------  --------  ----------  --------------  -------------------  ----------------------
/opt/airflow/dags/Homework_5.py                           1           0  0.06s           2026-03-05T00:41:00                      15
================================================================================
[2026-03-05T00:41:45.388+0000] {manager.py:1008} INFO - 
================================================================================
DAG File Processing Stats

File Path                        PID    Runtime      # DAGs    # Errors  Last Runtime    Last Run               Last # of DB Queries
-------------------------------  -----  ---------  --------  ----------  --------------  -------------------  ----------------------
/opt/airflow/dags/Homework_5.py                           1           0  0.07s           2026-03-05T00:41:30                      15
================================================================================
[2026-03-05T00:42:15.693+0000] {manager.py:1008} INFO - 
================================================================================
DAG File Processing Stats

File Path                        PID    Runtime      # DAGs    # Errors  Last Runtime    Last Run               Last # of DB Queries
-------------------------------  -----  ---------  --------  ----------  --------------  -------------------  ----------------------
/opt/airflow/dags/Homework_5.py                           1           0  0.07s           2026-03-05T00:42:00                      15
================================================================================
[2026-03-05T00:42:46.006+0000] {manager.py:1008} INFO - 
================================================================================
DAG File Processing Stats

File Path                        PID    Runtime      # DAGs    # Errors  Last Runtime    Last Run               Last # of DB Queries
-------------------------------  -----  ---------  --------  ----------  --------------  -------------------  ----------------------
/opt/airflow/dags/Homework_5.py                           1           0  0.06s           2026-03-05T00:42:30                      15
================================================================================
[2026-03-05T00:43:16.326+0000] {manager.py:1008} INFO - 
================================================================================
DAG File Processing Stats

File Path                        PID    Runtime      # DAGs    # Errors  Last Runtime    Last Run               Last # of DB Queries
-------------------------------  -----  ---------  --------  ----------  --------------  -------------------  ----------------------
/opt/airflow/dags/Homework_5.py                           1           0  0.07s           2026-03-05T00:43:01                      15
================================================================================
[2026-03-05T00:43:18.350+0000] {manager.py:832} INFO - Searching for files in /opt/airflow/dags
[2026-03-05T00:43:18.355+0000] {manager.py:835} INFO - There are 1 files in /opt/airflow/dags
[2026-03-05T00:43:46.647+0000] {manager.py:1008} INFO - 
================================================================================
DAG File Processing Stats

File Path                        PID    Runtime      # DAGs    # Errors  Last Runtime    Last Run               Last # of DB Queries
-------------------------------  -----  ---------  --------  ----------  --------------  -------------------  ----------------------
/opt/airflow/dags/Homework_5.py                           1           0  0.08s           2026-03-05T00:43:31                      15
================================================================================
[2026-03-05T00:44:16.953+0000] {manager.py:1008} INFO - 
================================================================================
DAG File Processing Stats

File Path                        PID    Runtime      # DAGs    # Errors  Last Runtime    Last Run               Last # of DB Queries
-------------------------------  -----  ---------  --------  ----------  --------------  -------------------  ----------------------
/opt/airflow/dags/Homework_5.py                           1           0  0.08s           2026-03-05T00:44:01                      15
================================================================================
[2026-03-05T00:44:47.307+0000] {manager.py:1008} INFO - 
================================================================================
DAG File Processing Stats

File Path                        PID    Runtime      # DAGs    # Errors  Last Runtime    Last Run               Last # of DB Queries
-------------------------------  -----  ---------  --------  ----------  --------------  -------------------  ----------------------
/opt/airflow/dags/Homework_5.py                           1           0  0.08s           2026-03-05T00:44:32                      15
================================================================================
[2026-03-05T00:45:17.647+0000] {manager.py:1008} INFO - 
================================================================================
DAG File Processing Stats

File Path                        PID    Runtime      # DAGs    # Errors  Last Runtime    Last Run               Last # of DB Queries
-------------------------------  -----  ---------  --------  ----------  --------------  -------------------  ----------------------
/opt/airflow/dags/Homework_5.py                           1           0  0.07s           2026-03-05T00:45:02                      15
================================================================================
[2026-03-05T00:45:47.949+0000] {manager.py:1008} INFO - 
================================================================================
DAG File Processing Stats

File Path                        PID    Runtime      # DAGs    # Errors  Last Runtime    Last Run               Last # of DB Queries
-------------------------------  -----  ---------  --------  ----------  --------------  -------------------  ----------------------
/opt/airflow/dags/Homework_5.py                           1           0  0.07s           2026-03-05T00:45:32                      15
================================================================================
[2026-03-05T00:46:18.254+0000] {manager.py:1008} INFO - 
================================================================================
DAG File Processing Stats

File Path                        PID    Runtime      # DAGs    # Errors  Last Runtime    Last Run               Last # of DB Queries
-------------------------------  -----  ---------  --------  ----------  --------------  -------------------  ----------------------
/opt/airflow/dags/Homework_5.py                           1           0  0.08s           2026-03-05T00:46:03                      15
================================================================================
[2026-03-05T00:46:48.542+0000] {manager.py:1008} INFO - 
================================================================================
DAG File Processing Stats

File Path                        PID    Runtime      # DAGs    # Errors  Last Runtime    Last Run               Last # of DB Queries
-------------------------------  -----  ---------  --------  ----------  --------------  -------------------  ----------------------
/opt/airflow/dags/Homework_5.py                           1           0  0.06s           2026-03-05T00:46:33                      15
================================================================================
[2026-03-05T00:47:18.813+0000] {manager.py:1008} INFO - 
================================================================================
DAG File Processing Stats

File Path                        PID    Runtime      # DAGs    # Errors  Last Runtime    Last Run               Last # of DB Queries
-------------------------------  -----  ---------  --------  ----------  --------------  -------------------  ----------------------
/opt/airflow/dags/Homework_5.py                           1           0  0.06s           2026-03-05T00:47:03                      15
================================================================================
[2026-03-05T00:47:49.117+0000] {manager.py:1008} INFO - 
================================================================================
DAG File Processing Stats

File Path                        PID    Runtime      # DAGs    # Errors  Last Runtime    Last Run               Last # of DB Queries
-------------------------------  -----  ---------  --------  ----------  --------------  -------------------  ----------------------
/opt/airflow/dags/Homework_5.py                           1           0  0.08s           2026-03-05T00:47:34                      15
================================================================================
[2026-03-05T00:48:18.444+0000] {manager.py:832} INFO - Searching for files in /opt/airflow/dags
[2026-03-05T00:48:18.449+0000] {manager.py:835} INFO - There are 1 files in /opt/airflow/dags
[2026-03-05T00:48:19.469+0000] {manager.py:1008} INFO - 
================================================================================
DAG File Processing Stats

File Path                        PID    Runtime      # DAGs    # Errors  Last Runtime    Last Run               Last # of DB Queries
-------------------------------  -----  ---------  --------  ----------  --------------  -------------------  ----------------------
/opt/airflow/dags/Homework_5.py                           1           0  0.07s           2026-03-05T00:48:04                      15
================================================================================
