[2026-03-04T23:06:37.701+0000] {local_task_job_runner.py:123} INFO - ::group::Pre task execution logs
[2026-03-04T23:06:37.706+0000] {taskinstance.py:2612} INFO - Dependencies all met for dep_context=non-requeueable deps ti=<TaskInstance: WeatherData_ETL.extract scheduled__2026-03-03T02:30:00+00:00 [queued]>
[2026-03-04T23:06:37.708+0000] {taskinstance.py:2612} INFO - Dependencies all met for dep_context=requeueable deps ti=<TaskInstance: WeatherData_ETL.extract scheduled__2026-03-03T02:30:00+00:00 [queued]>
[2026-03-04T23:06:37.709+0000] {taskinstance.py:2865} INFO - Starting attempt 1 of 2
[2026-03-04T23:06:37.712+0000] {taskinstance.py:2888} INFO - Executing <Task(_PythonDecoratedOperator): extract> on 2026-03-03 02:30:00+00:00
[2026-03-04T23:06:37.715+0000] {logging_mixin.py:190} WARNING - /home/***/.local/lib/python3.12/site-packages/***/task/task_runner/standard_task_runner.py:70 DeprecationWarning: This process (pid=654) is multi-threaded, use of fork() may lead to deadlocks in the child.
[2026-03-04T23:06:37.715+0000] {standard_task_runner.py:72} INFO - Started process 662 to run task
[2026-03-04T23:06:37.715+0000] {standard_task_runner.py:104} INFO - Running: ['***', 'tasks', 'run', 'WeatherData_ETL', 'extract', 'scheduled__2026-03-03T02:30:00+00:00', '--job-id', '8', '--raw', '--subdir', 'DAGS_FOLDER/Homework_5.py', '--cfg-path', '/tmp/tmpsliqxzm0']
[2026-03-04T23:06:37.716+0000] {standard_task_runner.py:105} INFO - Job 8: Subtask extract
[2026-03-04T23:06:37.730+0000] {task_command.py:467} INFO - Running <TaskInstance: WeatherData_ETL.extract scheduled__2026-03-03T02:30:00+00:00 [running]> on host e35f1fc572d0
[2026-03-04T23:06:37.752+0000] {taskinstance.py:3131} INFO - Exporting env vars: AIRFLOW_CTX_DAG_EMAIL='ananya.yallapragada@sjsu.edu' AIRFLOW_CTX_DAG_OWNER='***' AIRFLOW_CTX_DAG_ID='WeatherData_ETL' AIRFLOW_CTX_TASK_ID='extract' AIRFLOW_CTX_EXECUTION_DATE='2026-03-03T02:30:00+00:00' AIRFLOW_CTX_TRY_NUMBER='1' AIRFLOW_CTX_DAG_RUN_ID='scheduled__2026-03-03T02:30:00+00:00'
[2026-03-04T23:06:37.753+0000] {taskinstance.py:731} INFO - ::endgroup::
[2026-03-04T23:06:38.599+0000] {python.py:240} INFO - Done. Returned value was: {'latitude': 29.767237, 'longitude': -95.35445, 'generationtime_ms': 88.68896961212158, 'utc_offset_seconds': -21600, 'timezone': 'America/Chicago', 'timezone_abbreviation': 'GMT-6', 'elevation': 14.0, 'daily_units': {'time': 'iso8601', 'temperature_2m_max': '°C', 'temperature_2m_min': '°C', 'precipitation_sum': 'mm', 'weather_code': 'wmo code'}, 'daily': {'time': ['2026-01-03', '2026-01-04', '2026-01-05', '2026-01-06', '2026-01-07', '2026-01-08', '2026-01-09', '2026-01-10', '2026-01-11', '2026-01-12', '2026-01-13', '2026-01-14', '2026-01-15', '2026-01-16', '2026-01-17', '2026-01-18', '2026-01-19', '2026-01-20', '2026-01-21', '2026-01-22', '2026-01-23', '2026-01-24', '2026-01-25', '2026-01-26', '2026-01-27', '2026-01-28', '2026-01-29', '2026-01-30', '2026-01-31', '2026-02-01', '2026-02-02', '2026-02-03', '2026-02-04', '2026-02-05', '2026-02-06', '2026-02-07', '2026-02-08', '2026-02-09', '2026-02-10', '2026-02-11', '2026-02-12', '2026-02-13', '2026-02-14', '2026-02-15', '2026-02-16', '2026-02-17', '2026-02-18', '2026-02-19', '2026-02-20', '2026-02-21', '2026-02-22', '2026-02-23', '2026-02-24', '2026-02-25', '2026-02-26', '2026-02-27', '2026-02-28', '2026-03-01', '2026-03-02', '2026-03-03'], 'temperature_2m_max': [22.2, 18.2, 23.2, 25.6, 25.4, 24.2, 26.0, 20.7, 16.1, 14.7, 13.3, 17.4, 13.8, 21.5, 12.4, 12.1, 18.2, 17.8, 20.5, 18.0, 18.0, 16.2, 2.2, 3.9, 9.9, 13.9, 18.8, 11.5, 7.3, 10.4, 20.0, 21.2, 16.8, 16.8, 23.9, 22.1, 23.4, 24.7, 24.2, 23.2, 24.5, 24.4, 23.2, 19.8, 21.2, 23.8, 24.3, 25.6, 25.2, 23.9, 15.6, 16.6, 19.0, 23.2, 25.4, 27.7, 25.1, 25.7, 25.7, 26.2], 'temperature_2m_min': [13.5, 10.8, 10.7, 17.9, 18.9, 20.9, 21.5, 7.7, 4.1, 6.1, 8.2, 8.8, 4.6, 7.7, 4.3, 0.1, 1.5, 7.5, 14.5, 16.3, 16.1, 2.5, -4.3, -4.5, -3.1, 0.9, 4.0, 4.0, 0.8, -0.5, 3.4, 15.1, 8.6, 4.7, 7.9, 10.2, 10.6, 14.8, 17.0, 16.9, 13.5, 16.9, 14.8, 13.8, 11.1, 13.2, 18.3, 20.8, 21.3, 12.9, 6.3, 4.1, 4.9, 15.1, 19.9, 16.9, 14.4, 17.9, 16.9, 20.2], 'precipitation_sum': [0.0, 0.0, 0.0, 0.0, 0.0, 0.2, 1.7, 0.6, 0.0, 0.0, 0.6, 0.0, 0.0, 0.0, 0.0, 0.0, 0.0, 0.0, 17.7, 0.0, 0.8, 21.5, 9.1, 0.0, 0.0, 0.0, 0.0, 0.0, 0.0, 0.0, 0.0, 4.3, 0.0, 0.0, 0.0, 0.0, 0.0, 0.0, 0.0, 0.1, 0.0, 0.0, 8.8, 0.0, 0.0, 0.0, 0.0, 0.0, 0.0, 0.0, 0.0, 0.0, 0.0, 0.0, 0.0, 0.0, 0.0, 0.0, 0.0, 0.1], 'weather_code': [1, 3, 3, 45, 45, 51, 95, 53, 3, 3, 53, 0, 0, 3, 3, 0, 0, 3, 63, 45, 53, 63, 73, 3, 3, 3, 1, 3, 0, 0, 3, 63, 3, 0, 0, 0, 45, 3, 3, 51, 45, 45, 63, 45, 3, 3, 3, 3, 45, 45, 0, 0, 3, 3, 3, 45, 45, 45, 45, 51]}}
[2026-03-04T23:06:38.622+0000] {taskinstance.py:340} INFO - ::group::Post task execution logs
[2026-03-04T23:06:38.623+0000] {taskinstance.py:352} INFO - Marking task as SUCCESS. dag_id=WeatherData_ETL, task_id=extract, run_id=scheduled__2026-03-03T02:30:00+00:00, execution_date=20260303T023000, start_date=20260304T230637, end_date=20260304T230638
[2026-03-04T23:06:38.636+0000] {local_task_job_runner.py:266} INFO - Task exited with return code 0
[2026-03-04T23:06:38.649+0000] {taskinstance.py:3900} INFO - 1 downstream tasks scheduled from follow-on schedule check
[2026-03-04T23:06:38.650+0000] {local_task_job_runner.py:245} INFO - ::endgroup::
[2026-03-05T01:00:38.185+0000] {local_task_job_runner.py:123} INFO - ::group::Pre task execution logs
[2026-03-05T01:00:38.192+0000] {taskinstance.py:2612} INFO - Dependencies all met for dep_context=non-requeueable deps ti=<TaskInstance: WeatherData_ETL.extract scheduled__2026-03-03T02:30:00+00:00 [queued]>
[2026-03-05T01:00:38.194+0000] {taskinstance.py:2612} INFO - Dependencies all met for dep_context=requeueable deps ti=<TaskInstance: WeatherData_ETL.extract scheduled__2026-03-03T02:30:00+00:00 [queued]>
[2026-03-05T01:00:38.194+0000] {taskinstance.py:2865} INFO - Starting attempt 1 of 2
[2026-03-05T01:00:38.198+0000] {taskinstance.py:2888} INFO - Executing <Task(_PythonDecoratedOperator): extract> on 2026-03-03 02:30:00+00:00
[2026-03-05T01:00:38.201+0000] {logging_mixin.py:190} WARNING - /home/***/.local/lib/python3.12/site-packages/***/task/task_runner/standard_task_runner.py:70 DeprecationWarning: This process (pid=260) is multi-threaded, use of fork() may lead to deadlocks in the child.
[2026-03-05T01:00:38.202+0000] {standard_task_runner.py:72} INFO - Started process 263 to run task
[2026-03-05T01:00:38.201+0000] {standard_task_runner.py:104} INFO - Running: ['***', 'tasks', 'run', 'WeatherData_ETL', 'extract', 'scheduled__2026-03-03T02:30:00+00:00', '--job-id', '23', '--raw', '--subdir', 'DAGS_FOLDER/Homework_5.py', '--cfg-path', '/tmp/tmpfuwfmrw1']
[2026-03-05T01:00:38.202+0000] {standard_task_runner.py:105} INFO - Job 23: Subtask extract
[2026-03-05T01:00:38.221+0000] {task_command.py:467} INFO - Running <TaskInstance: WeatherData_ETL.extract scheduled__2026-03-03T02:30:00+00:00 [running]> on host a089ff940463
[2026-03-05T01:00:38.250+0000] {taskinstance.py:3131} INFO - Exporting env vars: AIRFLOW_CTX_DAG_EMAIL='ananya.yallapragada@sjsu.edu' AIRFLOW_CTX_DAG_OWNER='***' AIRFLOW_CTX_DAG_ID='WeatherData_ETL' AIRFLOW_CTX_TASK_ID='extract' AIRFLOW_CTX_EXECUTION_DATE='2026-03-03T02:30:00+00:00' AIRFLOW_CTX_TRY_NUMBER='1' AIRFLOW_CTX_DAG_RUN_ID='scheduled__2026-03-03T02:30:00+00:00'
[2026-03-05T01:00:38.251+0000] {taskinstance.py:731} INFO - ::endgroup::
[2026-03-05T01:00:39.081+0000] {python.py:240} INFO - Done. Returned value was: {'latitude': 29.767237, 'longitude': -95.35445, 'generationtime_ms': 135.86783409118652, 'utc_offset_seconds': -21600, 'timezone': 'America/Chicago', 'timezone_abbreviation': 'GMT-6', 'elevation': 14.0, 'daily_units': {'time': 'iso8601', 'temperature_2m_max': '°C', 'temperature_2m_min': '°C', 'precipitation_sum': 'mm', 'weather_code': 'wmo code'}, 'daily': {'time': ['2026-01-03', '2026-01-04', '2026-01-05', '2026-01-06', '2026-01-07', '2026-01-08', '2026-01-09', '2026-01-10', '2026-01-11', '2026-01-12', '2026-01-13', '2026-01-14', '2026-01-15', '2026-01-16', '2026-01-17', '2026-01-18', '2026-01-19', '2026-01-20', '2026-01-21', '2026-01-22', '2026-01-23', '2026-01-24', '2026-01-25', '2026-01-26', '2026-01-27', '2026-01-28', '2026-01-29', '2026-01-30', '2026-01-31', '2026-02-01', '2026-02-02', '2026-02-03', '2026-02-04', '2026-02-05', '2026-02-06', '2026-02-07', '2026-02-08', '2026-02-09', '2026-02-10', '2026-02-11', '2026-02-12', '2026-02-13', '2026-02-14', '2026-02-15', '2026-02-16', '2026-02-17', '2026-02-18', '2026-02-19', '2026-02-20', '2026-02-21', '2026-02-22', '2026-02-23', '2026-02-24', '2026-02-25', '2026-02-26', '2026-02-27', '2026-02-28', '2026-03-01', '2026-03-02', '2026-03-03'], 'temperature_2m_max': [22.2, 18.2, 23.2, 25.6, 25.4, 24.2, 26.0, 20.7, 16.1, 14.7, 13.3, 17.4, 13.8, 21.5, 12.4, 12.1, 18.2, 17.8, 20.5, 18.0, 18.0, 16.2, 2.2, 3.9, 9.9, 13.9, 18.8, 11.5, 7.3, 10.4, 20.0, 21.2, 16.8, 16.8, 23.9, 22.1, 23.4, 24.7, 24.2, 23.2, 24.5, 24.4, 23.2, 19.8, 21.2, 23.8, 24.3, 25.6, 25.2, 23.9, 15.6, 16.6, 19.0, 23.2, 25.4, 27.7, 25.1, 25.7, 25.7, 26.2], 'temperature_2m_min': [13.5, 10.8, 10.7, 17.9, 18.9, 20.9, 21.5, 7.7, 4.1, 6.1, 8.2, 8.8, 4.6, 7.7, 4.3, 0.1, 1.5, 7.5, 14.5, 16.3, 16.1, 2.5, -4.3, -4.5, -3.1, 0.9, 4.0, 4.0, 0.8, -0.5, 3.4, 15.1, 8.6, 4.7, 7.9, 10.2, 10.6, 14.8, 17.0, 16.9, 13.5, 16.9, 14.8, 13.8, 11.1, 13.2, 18.3, 20.8, 21.3, 12.9, 6.3, 4.1, 4.9, 15.1, 19.9, 16.9, 14.4, 17.9, 16.9, 20.2], 'precipitation_sum': [0.0, 0.0, 0.0, 0.0, 0.0, 0.2, 1.7, 0.6, 0.0, 0.0, 0.6, 0.0, 0.0, 0.0, 0.0, 0.0, 0.0, 0.0, 17.7, 0.0, 0.8, 21.5, 9.1, 0.0, 0.0, 0.0, 0.0, 0.0, 0.0, 0.0, 0.0, 4.3, 0.0, 0.0, 0.0, 0.0, 0.0, 0.0, 0.0, 0.1, 0.0, 0.0, 8.8, 0.0, 0.0, 0.0, 0.0, 0.0, 0.0, 0.0, 0.0, 0.0, 0.0, 0.0, 0.0, 0.0, 0.0, 0.0, 0.0, 0.1], 'weather_code': [1, 3, 3, 45, 45, 51, 95, 53, 3, 3, 53, 0, 0, 3, 3, 0, 0, 3, 63, 45, 53, 63, 73, 3, 3, 3, 1, 3, 0, 0, 3, 63, 3, 0, 0, 0, 45, 3, 3, 51, 45, 45, 63, 45, 3, 3, 3, 3, 45, 45, 0, 0, 3, 3, 3, 45, 45, 45, 45, 51]}}
[2026-03-05T01:00:39.100+0000] {taskinstance.py:340} INFO - ::group::Post task execution logs
[2026-03-05T01:00:39.100+0000] {taskinstance.py:352} INFO - Marking task as SUCCESS. dag_id=WeatherData_ETL, task_id=extract, run_id=scheduled__2026-03-03T02:30:00+00:00, execution_date=20260303T023000, start_date=20260305T010038, end_date=20260305T010039
[2026-03-05T01:00:39.112+0000] {local_task_job_runner.py:266} INFO - Task exited with return code 0
[2026-03-05T01:00:39.122+0000] {taskinstance.py:3900} INFO - 1 downstream tasks scheduled from follow-on schedule check
[2026-03-05T01:00:39.122+0000] {local_task_job_runner.py:245} INFO - ::endgroup::
[2026-03-05T01:03:26.687+0000] {local_task_job_runner.py:123} INFO - ::group::Pre task execution logs
[2026-03-05T01:03:26.693+0000] {taskinstance.py:2612} INFO - Dependencies all met for dep_context=non-requeueable deps ti=<TaskInstance: WeatherData_ETL.extract scheduled__2026-03-03T02:30:00+00:00 [queued]>
[2026-03-05T01:03:26.695+0000] {taskinstance.py:2612} INFO - Dependencies all met for dep_context=requeueable deps ti=<TaskInstance: WeatherData_ETL.extract scheduled__2026-03-03T02:30:00+00:00 [queued]>
[2026-03-05T01:03:26.695+0000] {taskinstance.py:2865} INFO - Starting attempt 1 of 2
[2026-03-05T01:03:26.698+0000] {taskinstance.py:2888} INFO - Executing <Task(_PythonDecoratedOperator): extract> on 2026-03-03 02:30:00+00:00
[2026-03-05T01:03:26.701+0000] {logging_mixin.py:190} WARNING - /home/***/.local/lib/python3.12/site-packages/***/task/task_runner/standard_task_runner.py:70 DeprecationWarning: This process (pid=392) is multi-threaded, use of fork() may lead to deadlocks in the child.
[2026-03-05T01:03:26.701+0000] {standard_task_runner.py:72} INFO - Started process 395 to run task
[2026-03-05T01:03:26.701+0000] {standard_task_runner.py:104} INFO - Running: ['***', 'tasks', 'run', 'WeatherData_ETL', 'extract', 'scheduled__2026-03-03T02:30:00+00:00', '--job-id', '35', '--raw', '--subdir', 'DAGS_FOLDER/Homework_5.py', '--cfg-path', '/tmp/tmp9s_dckmw']
[2026-03-05T01:03:26.702+0000] {standard_task_runner.py:105} INFO - Job 35: Subtask extract
[2026-03-05T01:03:26.718+0000] {task_command.py:467} INFO - Running <TaskInstance: WeatherData_ETL.extract scheduled__2026-03-03T02:30:00+00:00 [running]> on host a089ff940463
[2026-03-05T01:03:26.742+0000] {taskinstance.py:3131} INFO - Exporting env vars: AIRFLOW_CTX_DAG_EMAIL='ananya.yallapragada@sjsu.edu' AIRFLOW_CTX_DAG_OWNER='***' AIRFLOW_CTX_DAG_ID='WeatherData_ETL' AIRFLOW_CTX_TASK_ID='extract' AIRFLOW_CTX_EXECUTION_DATE='2026-03-03T02:30:00+00:00' AIRFLOW_CTX_TRY_NUMBER='1' AIRFLOW_CTX_DAG_RUN_ID='scheduled__2026-03-03T02:30:00+00:00'
[2026-03-05T01:03:26.743+0000] {taskinstance.py:731} INFO - ::endgroup::
[2026-03-05T01:03:27.423+0000] {python.py:240} INFO - Done. Returned value was: {'latitude': 29.767237, 'longitude': -95.35445, 'generationtime_ms': 0.9847879409790039, 'utc_offset_seconds': -21600, 'timezone': 'America/Chicago', 'timezone_abbreviation': 'GMT-6', 'elevation': 14.0, 'daily_units': {'time': 'iso8601', 'temperature_2m_max': '°C', 'temperature_2m_min': '°C', 'precipitation_sum': 'mm', 'weather_code': 'wmo code'}, 'daily': {'time': ['2026-01-03', '2026-01-04', '2026-01-05', '2026-01-06', '2026-01-07', '2026-01-08', '2026-01-09', '2026-01-10', '2026-01-11', '2026-01-12', '2026-01-13', '2026-01-14', '2026-01-15', '2026-01-16', '2026-01-17', '2026-01-18', '2026-01-19', '2026-01-20', '2026-01-21', '2026-01-22', '2026-01-23', '2026-01-24', '2026-01-25', '2026-01-26', '2026-01-27', '2026-01-28', '2026-01-29', '2026-01-30', '2026-01-31', '2026-02-01', '2026-02-02', '2026-02-03', '2026-02-04', '2026-02-05', '2026-02-06', '2026-02-07', '2026-02-08', '2026-02-09', '2026-02-10', '2026-02-11', '2026-02-12', '2026-02-13', '2026-02-14', '2026-02-15', '2026-02-16', '2026-02-17', '2026-02-18', '2026-02-19', '2026-02-20', '2026-02-21', '2026-02-22', '2026-02-23', '2026-02-24', '2026-02-25', '2026-02-26', '2026-02-27', '2026-02-28', '2026-03-01', '2026-03-02', '2026-03-03'], 'temperature_2m_max': [22.2, 18.2, 23.2, 25.6, 25.4, 24.2, 26.0, 20.7, 16.1, 14.7, 13.3, 17.4, 13.8, 21.5, 12.4, 12.1, 18.2, 17.8, 20.5, 18.0, 18.0, 16.2, 2.2, 3.9, 9.9, 13.9, 18.8, 11.5, 7.3, 10.4, 20.0, 21.2, 16.8, 16.8, 23.9, 22.1, 23.4, 24.7, 24.2, 23.2, 24.5, 24.4, 23.2, 19.8, 21.2, 23.8, 24.3, 25.6, 25.2, 23.9, 15.6, 16.6, 19.0, 23.2, 25.4, 27.7, 25.1, 25.7, 25.7, 26.2], 'temperature_2m_min': [13.5, 10.8, 10.7, 17.9, 18.9, 20.9, 21.5, 7.7, 4.1, 6.1, 8.2, 8.8, 4.6, 7.7, 4.3, 0.1, 1.5, 7.5, 14.5, 16.3, 16.1, 2.5, -4.3, -4.5, -3.1, 0.9, 4.0, 4.0, 0.8, -0.5, 3.4, 15.1, 8.6, 4.7, 7.9, 10.2, 10.6, 14.8, 17.0, 16.9, 13.5, 16.9, 14.8, 13.8, 11.1, 13.2, 18.3, 20.8, 21.3, 12.9, 6.3, 4.1, 4.9, 15.1, 19.9, 16.9, 14.4, 17.9, 16.9, 20.2], 'precipitation_sum': [0.0, 0.0, 0.0, 0.0, 0.0, 0.2, 1.7, 0.6, 0.0, 0.0, 0.6, 0.0, 0.0, 0.0, 0.0, 0.0, 0.0, 0.0, 17.7, 0.0, 0.8, 21.5, 9.1, 0.0, 0.0, 0.0, 0.0, 0.0, 0.0, 0.0, 0.0, 4.3, 0.0, 0.0, 0.0, 0.0, 0.0, 0.0, 0.0, 0.1, 0.0, 0.0, 8.8, 0.0, 0.0, 0.0, 0.0, 0.0, 0.0, 0.0, 0.0, 0.0, 0.0, 0.0, 0.0, 0.0, 0.0, 0.0, 0.0, 0.1], 'weather_code': [1, 3, 3, 45, 45, 51, 95, 53, 3, 3, 53, 0, 0, 3, 3, 0, 0, 3, 63, 45, 53, 63, 73, 3, 3, 3, 1, 3, 0, 0, 3, 63, 3, 0, 0, 0, 45, 3, 3, 51, 45, 45, 63, 45, 3, 3, 3, 3, 45, 45, 0, 0, 3, 3, 3, 45, 45, 45, 45, 51]}}
[2026-03-05T01:03:27.441+0000] {taskinstance.py:340} INFO - ::group::Post task execution logs
[2026-03-05T01:03:27.442+0000] {taskinstance.py:352} INFO - Marking task as SUCCESS. dag_id=WeatherData_ETL, task_id=extract, run_id=scheduled__2026-03-03T02:30:00+00:00, execution_date=20260303T023000, start_date=20260305T010326, end_date=20260305T010327
[2026-03-05T01:03:27.485+0000] {local_task_job_runner.py:266} INFO - Task exited with return code 0
[2026-03-05T01:03:27.494+0000] {taskinstance.py:3900} INFO - 1 downstream tasks scheduled from follow-on schedule check
[2026-03-05T01:03:27.495+0000] {local_task_job_runner.py:245} INFO - ::endgroup::
